{"meta": {"format": 3, "version": "7.8.0", "timestamp": "2025-07-28T16:38:45.054577", "branch_coverage": true, "show_contexts": false}, "files": {"brutal_load_test_simulator.py": {"executed_lines": [], "summary": {"covered_lines": 0, "num_statements": 184, "percent_covered": 0.0, "percent_covered_display": "0", "missing_lines": 184, "excluded_lines": 0, "num_branches": 42, "num_partial_branches": 0, "covered_branches": 0, "missing_branches": 42}, "missing_lines": [8, 9, 10, 11, 12, 13, 14, 15, 16, 17, 18, 21, 23, 25, 26, 28, 33, 34, 53, 54, 55, 56, 57, 58, 61, 70, 72, 76, 84, 85, 87, 88, 90, 91, 92, 94, 100, 103, 104, 105, 107, 108, 109, 110, 112, 113, 114, 115, 118, 120, 122, 123, 126, 127, 128, 130, 131, 134, 135, 137, 138, 139, 146, 147, 150, 152, 155, 169, 170, 171, 172, 173, 174, 176, 179, 180, 183, 184, 185, 188, 189, 190, 191, 192, 194, 201, 203, 205, 206, 208, 209, 212, 213, 215, 216, 217, 218, 220, 223, 224, 226, 227, 228, 229, 231, 232, 235, 236, 237, 238, 241, 242, 243, 244, 247, 248, 249, 252, 253, 254, 255, 256, 258, 259, 260, 261, 264, 265, 266, 267, 268, 269, 271, 273, 276, 290, 292, 302, 303, 304, 307, 308, 309, 310, 311, 312, 313, 315, 327, 328, 329, 337, 338, 339, 340, 341, 343, 345, 348, 349, 350, 352, 353, 355, 356, 357, 359, 361, 362, 363, 364, 365, 367, 368, 369, 370, 373, 383, 384, 386, 387, 390, 391, 392], "excluded_lines": [], "executed_branches": [], "missing_branches": [[85, 87], [85, 94], [91, 85], [91, 92], [107, 108], [107, 150], [126, 127], [126, 130], [130, 131], [130, 134], [208, 209], [208, 212], [215, 216], [215, 217], [217, 218], [217, 220], [231, 232], [231, 307], [264, 265], [264, 266], [266, 267], [266, 268], [268, 269], [268, 271], [302, 231], [302, 303], [308, 309], [308, 310], [310, 311], [310, 312], [312, 313], [312, 315], [355, 356], [355, 361], [356, 357], [356, 359], [361, 362], [361, 367], [367, 368], [367, 373], [390, -2], [390, 391]], "functions": {"BrutalLoadTestSimulator.__init__": {"executed_lines": [], "summary": {"covered_lines": 0, "num_statements": 9, "percent_covered": 0.0, "percent_covered_display": "0", "missing_lines": 9, "excluded_lines": 0, "num_branches": 0, "num_partial_branches": 0, "covered_branches": 0, "missing_branches": 0}, "missing_lines": [34, 53, 54, 55, 56, 57, 58, 61, 70], "excluded_lines": [], "executed_branches": [], "missing_branches": []}, "BrutalLoadTestSimulator.generate_ticker_batch": {"executed_lines": [], "summary": {"covered_lines": 0, "num_statements": 9, "percent_covered": 0.0, "percent_covered_display": "0", "missing_lines": 9, "excluded_lines": 0, "num_branches": 4, "num_partial_branches": 0, "covered_branches": 0, "missing_branches": 4}, "missing_lines": [76, 84, 85, 87, 88, 90, 91, 92, 94], "excluded_lines": [], "executed_branches": [], "missing_branches": [[85, 87], [85, 94], [91, 85], [91, 92]]}, "BrutalLoadTestSimulator.run_brutal_load_test": {"executed_lines": [], "summary": {"covered_lines": 0, "num_statements": 28, "percent_covered": 0.0, "percent_covered_display": "0", "missing_lines": 28, "excluded_lines": 0, "num_branches": 6, "num_partial_branches": 0, "covered_branches": 0, "missing_branches": 6}, "missing_lines": [103, 104, 105, 107, 108, 109, 110, 112, 113, 114, 115, 118, 120, 122, 123, 126, 127, 128, 130, 131, 134, 135, 137, 138, 139, 146, 147, 150], "excluded_lines": [], "executed_branches": [], "missing_branches": [[107, 108], [107, 150], [126, 127], [126, 130], [130, 131], [130, 134]]}, "BrutalLoadTestSimulator.init_load_test_metrics": {"executed_lines": [], "summary": {"covered_lines": 0, "num_statements": 7, "percent_covered": 0.0, "percent_covered_display": "0", "missing_lines": 7, "excluded_lines": 0, "num_branches": 0, "num_partial_branches": 0, "covered_branches": 0, "missing_branches": 0}, "missing_lines": [155, 169, 170, 171, 172, 173, 174], "excluded_lines": [], "executed_branches": [], "missing_branches": []}, "BrutalLoadTestSimulator.run_single_batch_test": {"executed_lines": [], "summary": {"covered_lines": 0, "num_statements": 83, "percent_covered": 0.0, "percent_covered_display": "0", "missing_lines": 83, "excluded_lines": 0, "num_branches": 22, "num_partial_branches": 0, "covered_branches": 0, "missing_branches": 22}, "missing_lines": [179, 180, 183, 184, 185, 188, 189, 190, 191, 192, 194, 201, 203, 205, 206, 208, 209, 212, 213, 215, 216, 217, 218, 220, 223, 224, 226, 227, 228, 229, 231, 232, 235, 236, 237, 238, 241, 242, 243, 244, 247, 248, 249, 252, 253, 254, 255, 256, 258, 259, 260, 261, 264, 265, 266, 267, 268, 269, 271, 273, 276, 290, 292, 302, 303, 304, 307, 308, 309, 310, 311, 312, 313, 315, 327, 328, 329, 337, 338, 339, 340, 341, 343], "excluded_lines": [], "executed_branches": [], "missing_branches": [[208, 209], [208, 212], [215, 216], [215, 217], [217, 218], [217, 220], [231, 232], [231, 307], [264, 265], [264, 266], [266, 267], [266, 268], [268, 269], [268, 271], [302, 231], [302, 303], [308, 309], [308, 310], [310, 311], [310, 312], [312, 313], [312, 315]]}, "BrutalLoadTestSimulator.generate_brutality_report": {"executed_lines": [], "summary": {"covered_lines": 0, "num_statements": 23, "percent_covered": 0.0, "percent_covered_display": "0", "missing_lines": 23, "excluded_lines": 0, "num_branches": 8, "num_partial_branches": 0, "covered_branches": 0, "missing_branches": 8}, "missing_lines": [348, 349, 350, 352, 353, 355, 356, 357, 359, 361, 362, 363, 364, 365, 367, 368, 369, 370, 373, 383, 384, 386, 387], "excluded_lines": [], "executed_branches": [], "missing_branches": [[355, 356], [355, 361], [356, 357], [356, 359], [361, 362], [361, 367], [367, 368], [367, 373]]}, "": {"executed_lines": [], "summary": {"covered_lines": 0, "num_statements": 25, "percent_covered": 0.0, "percent_covered_display": "0", "missing_lines": 25, "excluded_lines": 0, "num_branches": 2, "num_partial_branches": 0, "covered_branches": 0, "missing_branches": 2}, "missing_lines": [8, 9, 10, 11, 12, 13, 14, 15, 16, 17, 18, 21, 23, 25, 26, 28, 33, 72, 100, 152, 176, 345, 390, 391, 392], "excluded_lines": [], "executed_branches": [], "missing_branches": [[390, -2], [390, 391]]}}, "classes": {"BrutalLoadTestSimulator": {"executed_lines": [], "summary": {"covered_lines": 0, "num_statements": 159, "percent_covered": 0.0, "percent_covered_display": "0", "missing_lines": 159, "excluded_lines": 0, "num_branches": 40, "num_partial_branches": 0, "covered_branches": 0, "missing_branches": 40}, "missing_lines": [34, 53, 54, 55, 56, 57, 58, 61, 70, 76, 84, 85, 87, 88, 90, 91, 92, 94, 103, 104, 105, 107, 108, 109, 110, 112, 113, 114, 115, 118, 120, 122, 123, 126, 127, 128, 130, 131, 134, 135, 137, 138, 139, 146, 147, 150, 155, 169, 170, 171, 172, 173, 174, 179, 180, 183, 184, 185, 188, 189, 190, 191, 192, 194, 201, 203, 205, 206, 208, 209, 212, 213, 215, 216, 217, 218, 220, 223, 224, 226, 227, 228, 229, 231, 232, 235, 236, 237, 238, 241, 242, 243, 244, 247, 248, 249, 252, 253, 254, 255, 256, 258, 259, 260, 261, 264, 265, 266, 267, 268, 269, 271, 273, 276, 290, 292, 302, 303, 304, 307, 308, 309, 310, 311, 312, 313, 315, 327, 328, 329, 337, 338, 339, 340, 341, 343, 348, 349, 350, 352, 353, 355, 356, 357, 359, 361, 362, 363, 364, 365, 367, 368, 369, 370, 373, 383, 384, 386, 387], "excluded_lines": [], "executed_branches": [], "missing_branches": [[85, 87], [85, 94], [91, 85], [91, 92], [107, 108], [107, 150], [126, 127], [126, 130], [130, 131], [130, 134], [208, 209], [208, 212], [215, 216], [215, 217], [217, 218], [217, 220], [231, 232], [231, 307], [264, 265], [264, 266], [266, 267], [266, 268], [268, 269], [268, 271], [302, 231], [302, 303], [308, 309], [308, 310], [310, 311], [310, 312], [312, 313], [312, 315], [355, 356], [355, 361], [356, 357], [356, 359], [361, 362], [361, 367], [367, 368], [367, 373]]}, "": {"executed_lines": [], "summary": {"covered_lines": 0, "num_statements": 25, "percent_covered": 0.0, "percent_covered_display": "0", "missing_lines": 25, "excluded_lines": 0, "num_branches": 2, "num_partial_branches": 0, "covered_branches": 0, "missing_branches": 2}, "missing_lines": [8, 9, 10, 11, 12, 13, 14, 15, 16, 17, 18, 21, 23, 25, 26, 28, 33, 72, 100, 152, 176, 345, 390, 391, 392], "excluded_lines": [], "executed_branches": [], "missing_branches": [[390, -2], [390, 391]]}}}, "fast_load_test.py": {"executed_lines": [], "summary": {"covered_lines": 0, "num_statements": 68, "percent_covered": 0.0, "percent_covered_display": "0", "missing_lines": 68, "excluded_lines": 0, "num_branches": 8, "num_partial_branches": 0, "covered_branches": 0, "missing_branches": 8}, "missing_lines": [7, 8, 9, 10, 11, 12, 15, 17, 19, 20, 22, 25, 44, 51, 52, 53, 55, 56, 57, 58, 60, 61, 62, 65, 67, 69, 70, 71, 72, 74, 77, 79, 80, 81, 84, 86, 87, 90, 91, 92, 93, 96, 97, 98, 101, 103, 104, 105, 106, 107, 108, 109, 112, 113, 115, 117, 118, 121, 122, 123, 124, 125, 128, 130, 131, 132, 134, 135], "excluded_lines": [], "executed_branches": [], "missing_branches": [[55, 56], [55, 130], [79, 80], [79, 84], [112, 113], [112, 115], [134, -2], [134, 135]], "functions": {"fast_load_test": {"executed_lines": [], "summary": {"covered_lines": 0, "num_statements": 55, "percent_covered": 0.0, "percent_covered_display": "0", "missing_lines": 55, "excluded_lines": 0, "num_branches": 6, "num_partial_branches": 0, "covered_branches": 0, "missing_branches": 6}, "missing_lines": [25, 44, 51, 52, 53, 55, 56, 57, 58, 60, 61, 62, 65, 67, 69, 70, 71, 72, 74, 77, 79, 80, 81, 84, 86, 87, 90, 91, 92, 93, 96, 97, 98, 101, 103, 104, 105, 106, 107, 108, 109, 112, 113, 115, 117, 118, 121, 122, 123, 124, 125, 128, 130, 131, 132], "excluded_lines": [], "executed_branches": [], "missing_branches": [[55, 56], [55, 130], [79, 80], [79, 84], [112, 113], [112, 115]]}, "": {"executed_lines": [], "summary": {"covered_lines": 0, "num_statements": 13, "percent_covered": 0.0, "percent_covered_display": "0", "missing_lines": 13, "excluded_lines": 0, "num_branches": 2, "num_partial_branches": 0, "covered_branches": 0, "missing_branches": 2}, "missing_lines": [7, 8, 9, 10, 11, 12, 15, 17, 19, 20, 22, 134, 135], "excluded_lines": [], "executed_branches": [], "missing_branches": [[134, -2], [134, 135]]}}, "classes": {"": {"executed_lines": [], "summary": {"covered_lines": 0, "num_statements": 68, "percent_covered": 0.0, "percent_covered_display": "0", "missing_lines": 68, "excluded_lines": 0, "num_branches": 8, "num_partial_branches": 0, "covered_branches": 0, "missing_branches": 8}, "missing_lines": [7, 8, 9, 10, 11, 12, 15, 17, 19, 20, 22, 25, 44, 51, 52, 53, 55, 56, 57, 58, 60, 61, 62, 65, 67, 69, 70, 71, 72, 74, 77, 79, 80, 81, 84, 86, 87, 90, 91, 92, 93, 96, 97, 98, 101, 103, 104, 105, 106, 107, 108, 109, 112, 113, 115, 117, 118, 121, 122, 123, 124, 125, 128, 130, 131, 132, 134, 135], "excluded_lines": [], "executed_branches": [], "missing_branches": [[55, 56], [55, 130], [79, 80], [79, 84], [112, 113], [112, 115], [134, -2], [134, 135]]}}}, "health_api.py": {"executed_lines": [], "summary": {"covered_lines": 0, "num_statements": 81, "percent_covered": 0.0, "percent_covered_display": "0", "missing_lines": 81, "excluded_lines": 0, "num_branches": 2, "num_partial_branches": 0, "covered_branches": 0, "missing_branches": 2}, "missing_lines": [7, 8, 9, 12, 14, 16, 19, 22, 23, 25, 34, 35, 37, 38, 39, 40, 42, 62, 63, 66, 67, 69, 70, 71, 72, 73, 75, 83, 84, 87, 88, 90, 91, 92, 93, 94, 96, 100, 115, 116, 119, 120, 122, 123, 124, 125, 127, 161, 162, 175, 176, 178, 179, 180, 182, 192, 193, 194, 195, 196, 197, 200, 201, 202, 203, 204, 205, 207, 209, 210, 213, 214, 215, 216, 217, 218, 219, 220, 221, 222, 224], "excluded_lines": [], "executed_branches": [], "missing_branches": [[213, -2], [213, 214]], "functions": {"health": {"executed_lines": [], "summary": {"covered_lines": 0, "num_statements": 1, "percent_covered": 0.0, "percent_covered_display": "0", "missing_lines": 1, "excluded_lines": 0, "num_branches": 0, "num_partial_branches": 0, "covered_branches": 0, "missing_branches": 0}, "missing_lines": [25], "excluded_lines": [], "executed_branches": [], "missing_branches": []}, "api_status": {"executed_lines": [], "summary": {"covered_lines": 0, "num_statements": 7, "percent_covered": 0.0, "percent_covered_display": "0", "missing_lines": 7, "excluded_lines": 0, "num_branches": 0, "num_partial_branches": 0, "covered_branches": 0, "missing_branches": 0}, "missing_lines": [37, 38, 39, 40, 42, 62, 63], "excluded_lines": [], "executed_branches": [], "missing_branches": []}, "api_metrics": {"executed_lines": [], "summary": {"covered_lines": 0, "num_statements": 8, "percent_covered": 0.0, "percent_covered_display": "0", "missing_lines": 8, "excluded_lines": 0, "num_branches": 0, "num_partial_branches": 0, "covered_branches": 0, "missing_branches": 0}, "missing_lines": [69, 70, 71, 72, 73, 75, 83, 84], "excluded_lines": [], "executed_branches": [], "missing_branches": []}, "api_alerts": {"executed_lines": [], "summary": {"covered_lines": 0, "num_statements": 9, "percent_covered": 0.0, "percent_covered_display": "0", "missing_lines": 9, "excluded_lines": 0, "num_branches": 0, "num_partial_branches": 0, "covered_branches": 0, "missing_branches": 0}, "missing_lines": [90, 91, 92, 93, 94, 96, 100, 115, 116], "excluded_lines": [], "executed_branches": [], "missing_branches": []}, "ui_test": {"executed_lines": [], "summary": {"covered_lines": 0, "num_statements": 7, "percent_covered": 0.0, "percent_covered_display": "0", "missing_lines": 7, "excluded_lines": 0, "num_branches": 0, "num_partial_branches": 0, "covered_branches": 0, "missing_branches": 0}, "missing_lines": [122, 123, 124, 125, 127, 161, 162], "excluded_lines": [], "executed_branches": [], "missing_branches": []}, "debug_info": {"executed_lines": [], "summary": {"covered_lines": 0, "num_statements": 19, "percent_covered": 0.0, "percent_covered_display": "0", "missing_lines": 19, "excluded_lines": 0, "num_branches": 0, "num_partial_branches": 0, "covered_branches": 0, "missing_branches": 0}, "missing_lines": [178, 179, 180, 182, 192, 193, 194, 195, 196, 197, 200, 201, 202, 203, 204, 205, 207, 209, 210], "excluded_lines": [], "executed_branches": [], "missing_branches": []}, "": {"executed_lines": [], "summary": {"covered_lines": 0, "num_statements": 30, "percent_covered": 0.0, "percent_covered_display": "0", "missing_lines": 30, "excluded_lines": 0, "num_branches": 2, "num_partial_branches": 0, "covered_branches": 0, "missing_branches": 2}, "missing_lines": [7, 8, 9, 12, 14, 16, 19, 22, 23, 34, 35, 66, 67, 87, 88, 119, 120, 175, 176, 213, 214, 215, 216, 217, 218, 219, 220, 221, 222, 224], "excluded_lines": [], "executed_branches": [], "missing_branches": [[213, -2], [213, 214]]}}, "classes": {"": {"executed_lines": [], "summary": {"covered_lines": 0, "num_statements": 81, "percent_covered": 0.0, "percent_covered_display": "0", "missing_lines": 81, "excluded_lines": 0, "num_branches": 2, "num_partial_branches": 0, "covered_branches": 0, "missing_branches": 2}, "missing_lines": [7, 8, 9, 12, 14, 16, 19, 22, 23, 25, 34, 35, 37, 38, 39, 40, 42, 62, 63, 66, 67, 69, 70, 71, 72, 73, 75, 83, 84, 87, 88, 90, 91, 92, 93, 94, 96, 100, 115, 116, 119, 120, 122, 123, 124, 125, 127, 161, 162, 175, 176, 178, 179, 180, 182, 192, 193, 194, 195, 196, 197, 200, 201, 202, 203, 204, 205, 207, 209, 210, 213, 214, 215, 216, 217, 218, 219, 220, 221, 222, 224], "excluded_lines": [], "executed_branches": [], "missing_branches": [[213, -2], [213, 214]]}}}, "hedge_fund_monitor/__init__.py": {"executed_lines": [], "summary": {"covered_lines": 0, "num_statements": 0, "percent_covered": 100.0, "percent_covered_display": "100", "missing_lines": 0, "excluded_lines": 0, "num_branches": 0, "num_partial_branches": 0, "covered_branches": 0, "missing_branches": 0}, "missing_lines": [], "excluded_lines": [], "executed_branches": [], "missing_branches": [], "functions": {"": {"executed_lines": [], "summary": {"covered_lines": 0, "num_statements": 0, "percent_covered": 100.0, "percent_covered_display": "100", "missing_lines": 0, "excluded_lines": 0, "num_branches": 0, "num_partial_branches": 0, "covered_branches": 0, "missing_branches": 0}, "missing_lines": [], "excluded_lines": [], "executed_branches": [], "missing_branches": []}}, "classes": {"": {"executed_lines": [], "summary": {"covered_lines": 0, "num_statements": 0, "percent_covered": 100.0, "percent_covered_display": "100", "missing_lines": 0, "excluded_lines": 0, "num_branches": 0, "num_partial_branches": 0, "covered_branches": 0, "missing_branches": 0}, "missing_lines": [], "excluded_lines": [], "executed_branches": [], "missing_branches": []}}}, "hedge_fund_monitor/asgi.py": {"executed_lines": [], "summary": {"covered_lines": 0, "num_statements": 9, "percent_covered": 0.0, "percent_covered_display": "0", "missing_lines": 9, "excluded_lines": 0, "num_branches": 0, "num_partial_branches": 0, "covered_branches": 0, "missing_branches": 0}, "missing_lines": [7, 8, 9, 10, 11, 13, 15, 18, 20], "excluded_lines": [], "executed_branches": [], "missing_branches": [], "functions": {"": {"executed_lines": [], "summary": {"covered_lines": 0, "num_statements": 9, "percent_covered": 0.0, "percent_covered_display": "0", "missing_lines": 9, "excluded_lines": 0, "num_branches": 0, "num_partial_branches": 0, "covered_branches": 0, "missing_branches": 0}, "missing_lines": [7, 8, 9, 10, 11, 13, 15, 18, 20], "excluded_lines": [], "executed_branches": [], "missing_branches": []}}, "classes": {"": {"executed_lines": [], "summary": {"covered_lines": 0, "num_statements": 9, "percent_covered": 0.0, "percent_covered_display": "0", "missing_lines": 9, "excluded_lines": 0, "num_branches": 0, "num_partial_branches": 0, "covered_branches": 0, "missing_branches": 0}, "missing_lines": [7, 8, 9, 10, 11, 13, 15, 18, 20], "excluded_lines": [], "executed_branches": [], "missing_branches": []}}}, "hedge_fund_monitor/settings.py": {"executed_lines": [], "summary": {"covered_lines": 0, "num_statements": 25, "percent_covered": 0.0, "percent_covered_display": "0", "missing_lines": 25, "excluded_lines": 0, "num_branches": 0, "num_partial_branches": 0, "covered_branches": 0, "missing_branches": 0}, "missing_lines": [13, 16, 23, 26, 28, 33, 48, 59, 61, 77, 83, 94, 113, 115, 117, 119, 125, 130, 133, 144, 161, 169, 170, 180, 181], "excluded_lines": [], "executed_branches": [], "missing_branches": [], "functions": {"": {"executed_lines": [], "summary": {"covered_lines": 0, "num_statements": 25, "percent_covered": 0.0, "percent_covered_display": "0", "missing_lines": 25, "excluded_lines": 0, "num_branches": 0, "num_partial_branches": 0, "covered_branches": 0, "missing_branches": 0}, "missing_lines": [13, 16, 23, 26, 28, 33, 48, 59, 61, 77, 83, 94, 113, 115, 117, 119, 125, 130, 133, 144, 161, 169, 170, 180, 181], "excluded_lines": [], "executed_branches": [], "missing_branches": []}}, "classes": {"": {"executed_lines": [], "summary": {"covered_lines": 0, "num_statements": 25, "percent_covered": 0.0, "percent_covered_display": "0", "missing_lines": 25, "excluded_lines": 0, "num_branches": 0, "num_partial_branches": 0, "covered_branches": 0, "missing_branches": 0}, "missing_lines": [13, 16, 23, 26, 28, 33, 48, 59, 61, 77, 83, 94, 113, 115, 117, 119, 125, 130, 133, 144, 161, 169, 170, 180, 181], "excluded_lines": [], "executed_branches": [], "missing_branches": []}}}, "hedge_fund_monitor/urls.py": {"executed_lines": [], "summary": {"covered_lines": 0, "num_statements": 3, "percent_covered": 0.0, "percent_covered_display": "0", "missing_lines": 3, "excluded_lines": 0, "num_branches": 0, "num_partial_branches": 0, "covered_branches": 0, "missing_branches": 0}, "missing_lines": [17, 18, 20], "excluded_lines": [], "executed_branches": [], "missing_branches": [], "functions": {"": {"executed_lines": [], "summary": {"covered_lines": 0, "num_statements": 3, "percent_covered": 0.0, "percent_covered_display": "0", "missing_lines": 3, "excluded_lines": 0, "num_branches": 0, "num_partial_branches": 0, "covered_branches": 0, "missing_branches": 0}, "missing_lines": [17, 18, 20], "excluded_lines": [], "executed_branches": [], "missing_branches": []}}, "classes": {"": {"executed_lines": [], "summary": {"covered_lines": 0, "num_statements": 3, "percent_covered": 0.0, "percent_covered_display": "0", "missing_lines": 3, "excluded_lines": 0, "num_branches": 0, "num_partial_branches": 0, "covered_branches": 0, "missing_branches": 0}, "missing_lines": [17, 18, 20], "excluded_lines": [], "executed_branches": [], "missing_branches": []}}}, "hedge_fund_monitor/wsgi.py": {"executed_lines": [], "summary": {"covered_lines": 0, "num_statements": 4, "percent_covered": 0.0, "percent_covered_display": "0", "missing_lines": 4, "excluded_lines": 0, "num_branches": 0, "num_partial_branches": 0, "covered_branches": 0, "missing_branches": 0}, "missing_lines": [10, 12, 14, 16], "excluded_lines": [], "executed_branches": [], "missing_branches": [], "functions": {"": {"executed_lines": [], "summary": {"covered_lines": 0, "num_statements": 4, "percent_covered": 0.0, "percent_covered_display": "0", "missing_lines": 4, "excluded_lines": 0, "num_branches": 0, "num_partial_branches": 0, "covered_branches": 0, "missing_branches": 0}, "missing_lines": [10, 12, 14, 16], "excluded_lines": [], "executed_branches": [], "missing_branches": []}}, "classes": {"": {"executed_lines": [], "summary": {"covered_lines": 0, "num_statements": 4, "percent_covered": 0.0, "percent_covered_display": "0", "missing_lines": 4, "excluded_lines": 0, "num_branches": 0, "num_partial_branches": 0, "covered_branches": 0, "missing_branches": 0}, "missing_lines": [10, 12, 14, 16], "excluded_lines": [], "executed_branches": [], "missing_branches": []}}}, "manage.py": {"executed_lines": [], "summary": {"covered_lines": 0, "num_statements": 11, "percent_covered": 0.0, "percent_covered_display": "0", "missing_lines": 11, "excluded_lines": 0, "num_branches": 2, "num_partial_branches": 0, "covered_branches": 0, "missing_branches": 2}, "missing_lines": [3, 4, 7, 9, 10, 11, 12, 13, 18, 21, 22], "excluded_lines": [], "executed_branches": [], "missing_branches": [[21, -2], [21, 22]], "functions": {"main": {"executed_lines": [], "summary": {"covered_lines": 0, "num_statements": 6, "percent_covered": 0.0, "percent_covered_display": "0", "missing_lines": 6, "excluded_lines": 0, "num_branches": 0, "num_partial_branches": 0, "covered_branches": 0, "missing_branches": 0}, "missing_lines": [9, 10, 11, 12, 13, 18], "excluded_lines": [], "executed_branches": [], "missing_branches": []}, "": {"executed_lines": [], "summary": {"covered_lines": 0, "num_statements": 5, "percent_covered": 0.0, "percent_covered_display": "0", "missing_lines": 5, "excluded_lines": 0, "num_branches": 2, "num_partial_branches": 0, "covered_branches": 0, "missing_branches": 2}, "missing_lines": [3, 4, 7, 21, 22], "excluded_lines": [], "executed_branches": [], "missing_branches": [[21, -2], [21, 22]]}}, "classes": {"": {"executed_lines": [], "summary": {"covered_lines": 0, "num_statements": 11, "percent_covered": 0.0, "percent_covered_display": "0", "missing_lines": 11, "excluded_lines": 0, "num_branches": 2, "num_partial_branches": 0, "covered_branches": 0, "missing_branches": 2}, "missing_lines": [3, 4, 7, 9, 10, 11, 12, 13, 18, 21, 22], "excluded_lines": [], "executed_branches": [], "missing_branches": [[21, -2], [21, 22]]}}}, "monitor/__init__.py": {"executed_lines": [], "summary": {"covered_lines": 0, "num_statements": 1, "percent_covered": 0.0, "percent_covered_display": "0", "missing_lines": 1, "excluded_lines": 0, "num_branches": 0, "num_partial_branches": 0, "covered_branches": 0, "missing_branches": 0}, "missing_lines": [1], "excluded_lines": [], "executed_branches": [], "missing_branches": [], "functions": {"": {"executed_lines": [], "summary": {"covered_lines": 0, "num_statements": 1, "percent_covered": 0.0, "percent_covered_display": "0", "missing_lines": 1, "excluded_lines": 0, "num_branches": 0, "num_partial_branches": 0, "covered_branches": 0, "missing_branches": 0}, "missing_lines": [1], "excluded_lines": [], "executed_branches": [], "missing_branches": []}}, "classes": {"": {"executed_lines": [], "summary": {"covered_lines": 0, "num_statements": 1, "percent_covered": 0.0, "percent_covered_display": "0", "missing_lines": 1, "excluded_lines": 0, "num_branches": 0, "num_partial_branches": 0, "covered_branches": 0, "missing_branches": 0}, "missing_lines": [1], "excluded_lines": [], "executed_branches": [], "missing_branches": []}}}, "monitor/admin.py": {"executed_lines": [], "summary": {"covered_lines": 0, "num_statements": 1, "percent_covered": 0.0, "percent_covered_display": "0", "missing_lines": 1, "excluded_lines": 0, "num_branches": 0, "num_partial_branches": 0, "covered_branches": 0, "missing_branches": 0}, "missing_lines": [1], "excluded_lines": [], "executed_branches": [], "missing_branches": [], "functions": {"": {"executed_lines": [], "summary": {"covered_lines": 0, "num_statements": 1, "percent_covered": 0.0, "percent_covered_display": "0", "missing_lines": 1, "excluded_lines": 0, "num_branches": 0, "num_partial_branches": 0, "covered_branches": 0, "missing_branches": 0}, "missing_lines": [1], "excluded_lines": [], "executed_branches": [], "missing_branches": []}}, "classes": {"": {"executed_lines": [], "summary": {"covered_lines": 0, "num_statements": 1, "percent_covered": 0.0, "percent_covered_display": "0", "missing_lines": 1, "excluded_lines": 0, "num_branches": 0, "num_partial_branches": 0, "covered_branches": 0, "missing_branches": 0}, "missing_lines": [1], "excluded_lines": [], "executed_branches": [], "missing_branches": []}}}, "monitor/apps.py": {"executed_lines": [], "summary": {"covered_lines": 0, "num_statements": 4, "percent_covered": 0.0, "percent_covered_display": "0", "missing_lines": 4, "excluded_lines": 0, "num_branches": 0, "num_partial_branches": 0, "covered_branches": 0, "missing_branches": 0}, "missing_lines": [1, 4, 5, 6], "excluded_lines": [], "executed_branches": [], "missing_branches": [], "functions": {"": {"executed_lines": [], "summary": {"covered_lines": 0, "num_statements": 4, "percent_covered": 0.0, "percent_covered_display": "0", "missing_lines": 4, "excluded_lines": 0, "num_branches": 0, "num_partial_branches": 0, "covered_branches": 0, "missing_branches": 0}, "missing_lines": [1, 4, 5, 6], "excluded_lines": [], "executed_branches": [], "missing_branches": []}}, "classes": {"MonitorConfig": {"executed_lines": [], "summary": {"covered_lines": 0, "num_statements": 0, "percent_covered": 100.0, "percent_covered_display": "100", "missing_lines": 0, "excluded_lines": 0, "num_branches": 0, "num_partial_branches": 0, "covered_branches": 0, "missing_branches": 0}, "missing_lines": [], "excluded_lines": [], "executed_branches": [], "missing_branches": []}, "": {"executed_lines": [], "summary": {"covered_lines": 0, "num_statements": 4, "percent_covered": 0.0, "percent_covered_display": "0", "missing_lines": 4, "excluded_lines": 0, "num_branches": 0, "num_partial_branches": 0, "covered_branches": 0, "missing_branches": 0}, "missing_lines": [1, 4, 5, 6], "excluded_lines": [], "executed_branches": [], "missing_branches": []}}}, "monitor/consumers.py": {"executed_lines": [], "summary": {"covered_lines": 0, "num_statements": 98, "percent_covered": 0.0, "percent_covered_display": "0", "missing_lines": 98, "excluded_lines": 0, "num_branches": 8, "num_partial_branches": 0, "covered_branches": 0, "missing_branches": 8}, "missing_lines": [7, 8, 9, 10, 11, 12, 15, 18, 19, 22, 27, 30, 32, 34, 39, 41, 43, 44, 45, 47, 52, 53, 54, 58, 61, 64, 65, 67, 72, 73, 75, 76, 81, 83, 85, 86, 87, 88, 90, 96, 97, 98, 102, 105, 108, 109, 111, 116, 117, 119, 120, 125, 127, 129, 130, 131, 132, 133, 134, 136, 140, 145, 146, 147, 151, 154, 157, 158, 160, 165, 167, 168, 173, 175, 176, 177, 179, 180, 181, 182, 183, 184, 186, 187, 192, 195, 196, 198, 199, 200, 202, 207, 209, 210, 212, 213, 214, 216], "excluded_lines": [], "executed_branches": [], "missing_branches": [[179, 180], [179, 182], [182, -173], [182, 183], [198, 199], [198, 202], [212, 213], [212, 216]], "functions": {"SystemStatusConsumer.connect": {"executed_lines": [], "summary": {"covered_lines": 0, "num_statements": 4, "percent_covered": 0.0, "percent_covered_display": "0", "missing_lines": 4, "excluded_lines": 0, "num_branches": 0, "num_partial_branches": 0, "covered_branches": 0, "missing_branches": 0}, "missing_lines": [19, 22, 27, 30], "excluded_lines": [], "executed_branches": [], "missing_branches": []}, "SystemStatusConsumer.disconnect": {"executed_lines": [], "summary": {"covered_lines": 0, "num_statements": 1, "percent_covered": 0.0, "percent_covered_display": "0", "missing_lines": 1, "excluded_lines": 0, "num_branches": 0, "num_partial_branches": 0, "covered_branches": 0, "missing_branches": 0}, "missing_lines": [34], "excluded_lines": [], "executed_branches": [], "missing_branches": []}, "SystemStatusConsumer.send_status_updates": {"executed_lines": [], "summary": {"covered_lines": 0, "num_statements": 9, "percent_covered": 0.0, "percent_covered_display": "0", "missing_lines": 9, "excluded_lines": 0, "num_branches": 0, "num_partial_branches": 0, "covered_branches": 0, "missing_branches": 0}, "missing_lines": [41, 43, 44, 45, 47, 52, 53, 54, 58], "excluded_lines": [], "executed_branches": [], "missing_branches": []}, "MetricsConsumer.connect": {"executed_lines": [], "summary": {"covered_lines": 0, "num_statements": 4, "percent_covered": 0.0, "percent_covered_display": "0", "missing_lines": 4, "excluded_lines": 0, "num_branches": 0, "num_partial_branches": 0, "covered_branches": 0, "missing_branches": 0}, "missing_lines": [65, 67, 72, 73], "excluded_lines": [], "executed_branches": [], "missing_branches": []}, "MetricsConsumer.disconnect": {"executed_lines": [], "summary": {"covered_lines": 0, "num_statements": 1, "percent_covered": 0.0, "percent_covered_display": "0", "missing_lines": 1, "excluded_lines": 0, "num_branches": 0, "num_partial_branches": 0, "covered_branches": 0, "missing_branches": 0}, "missing_lines": [76], "excluded_lines": [], "executed_branches": [], "missing_branches": []}, "MetricsConsumer.send_metrics_updates": {"executed_lines": [], "summary": {"covered_lines": 0, "num_statements": 10, "percent_covered": 0.0, "percent_covered_display": "0", "missing_lines": 10, "excluded_lines": 0, "num_branches": 0, "num_partial_branches": 0, "covered_branches": 0, "missing_branches": 0}, "missing_lines": [83, 85, 86, 87, 88, 90, 96, 97, 98, 102], "excluded_lines": [], "executed_branches": [], "missing_branches": []}, "AlertsConsumer.connect": {"executed_lines": [], "summary": {"covered_lines": 0, "num_statements": 4, "percent_covered": 0.0, "percent_covered_display": "0", "missing_lines": 4, "excluded_lines": 0, "num_branches": 0, "num_partial_branches": 0, "covered_branches": 0, "missing_branches": 0}, "missing_lines": [109, 111, 116, 117], "excluded_lines": [], "executed_branches": [], "missing_branches": []}, "AlertsConsumer.disconnect": {"executed_lines": [], "summary": {"covered_lines": 0, "num_statements": 1, "percent_covered": 0.0, "percent_covered_display": "0", "missing_lines": 1, "excluded_lines": 0, "num_branches": 0, "num_partial_branches": 0, "covered_branches": 0, "missing_branches": 0}, "missing_lines": [120], "excluded_lines": [], "executed_branches": [], "missing_branches": []}, "AlertsConsumer.send_alerts_updates": {"executed_lines": [], "summary": {"covered_lines": 0, "num_statements": 13, "percent_covered": 0.0, "percent_covered_display": "0", "missing_lines": 13, "excluded_lines": 0, "num_branches": 0, "num_partial_branches": 0, "covered_branches": 0, "missing_branches": 0}, "missing_lines": [127, 129, 130, 131, 132, 133, 134, 136, 140, 145, 146, 147, 151], "excluded_lines": [], "executed_branches": [], "missing_branches": []}, "TradingDataConsumer.connect": {"executed_lines": [], "summary": {"covered_lines": 0, "num_statements": 3, "percent_covered": 0.0, "percent_covered_display": "0", "missing_lines": 3, "excluded_lines": 0, "num_branches": 0, "num_partial_branches": 0, "covered_branches": 0, "missing_branches": 0}, "missing_lines": [158, 160, 165], "excluded_lines": [], "executed_branches": [], "missing_branches": []}, "TradingDataConsumer.disconnect": {"executed_lines": [], "summary": {"covered_lines": 0, "num_statements": 1, "percent_covered": 0.0, "percent_covered_display": "0", "missing_lines": 1, "excluded_lines": 0, "num_branches": 0, "num_partial_branches": 0, "covered_branches": 0, "missing_branches": 0}, "missing_lines": [168], "excluded_lines": [], "executed_branches": [], "missing_branches": []}, "TradingDataConsumer.receive": {"executed_lines": [], "summary": {"covered_lines": 0, "num_statements": 11, "percent_covered": 0.0, "percent_covered_display": "0", "missing_lines": 11, "excluded_lines": 0, "num_branches": 4, "num_partial_branches": 0, "covered_branches": 0, "missing_branches": 4}, "missing_lines": [175, 176, 177, 179, 180, 181, 182, 183, 184, 186, 187], "excluded_lines": [], "executed_branches": [], "missing_branches": [[179, 180], [179, 182], [182, -173], [182, 183]]}, "TradingDataConsumer.subscribe_to_symbol": {"executed_lines": [], "summary": {"covered_lines": 0, "num_statements": 6, "percent_covered": 0.0, "percent_covered_display": "0", "missing_lines": 6, "excluded_lines": 0, "num_branches": 2, "num_partial_branches": 0, "covered_branches": 0, "missing_branches": 2}, "missing_lines": [195, 196, 198, 199, 200, 202], "excluded_lines": [], "executed_branches": [], "missing_branches": [[198, 199], [198, 202]]}, "TradingDataConsumer.unsubscribe_from_symbol": {"executed_lines": [], "summary": {"covered_lines": 0, "num_statements": 6, "percent_covered": 0.0, "percent_covered_display": "0", "missing_lines": 6, "excluded_lines": 0, "num_branches": 2, "num_partial_branches": 0, "covered_branches": 0, "missing_branches": 2}, "missing_lines": [209, 210, 212, 213, 214, 216], "excluded_lines": [], "executed_branches": [], "missing_branches": [[212, 213], [212, 216]]}, "": {"executed_lines": [], "summary": {"covered_lines": 0, "num_statements": 24, "percent_covered": 0.0, "percent_covered_display": "0", "missing_lines": 24, "excluded_lines": 0, "num_branches": 0, "num_partial_branches": 0, "covered_branches": 0, "missing_branches": 0}, "missing_lines": [7, 8, 9, 10, 11, 12, 15, 18, 32, 39, 61, 64, 75, 81, 105, 108, 119, 125, 154, 157, 167, 173, 192, 207], "excluded_lines": [], "executed_branches": [], "missing_branches": []}}, "classes": {"SystemStatusConsumer": {"executed_lines": [], "summary": {"covered_lines": 0, "num_statements": 14, "percent_covered": 0.0, "percent_covered_display": "0", "missing_lines": 14, "excluded_lines": 0, "num_branches": 0, "num_partial_branches": 0, "covered_branches": 0, "missing_branches": 0}, "missing_lines": [19, 22, 27, 30, 34, 41, 43, 44, 45, 47, 52, 53, 54, 58], "excluded_lines": [], "executed_branches": [], "missing_branches": []}, "MetricsConsumer": {"executed_lines": [], "summary": {"covered_lines": 0, "num_statements": 15, "percent_covered": 0.0, "percent_covered_display": "0", "missing_lines": 15, "excluded_lines": 0, "num_branches": 0, "num_partial_branches": 0, "covered_branches": 0, "missing_branches": 0}, "missing_lines": [65, 67, 72, 73, 76, 83, 85, 86, 87, 88, 90, 96, 97, 98, 102], "excluded_lines": [], "executed_branches": [], "missing_branches": []}, "AlertsConsumer": {"executed_lines": [], "summary": {"covered_lines": 0, "num_statements": 18, "percent_covered": 0.0, "percent_covered_display": "0", "missing_lines": 18, "excluded_lines": 0, "num_branches": 0, "num_partial_branches": 0, "covered_branches": 0, "missing_branches": 0}, "missing_lines": [109, 111, 116, 117, 120, 127, 129, 130, 131, 132, 133, 134, 136, 140, 145, 146, 147, 151], "excluded_lines": [], "executed_branches": [], "missing_branches": []}, "TradingDataConsumer": {"executed_lines": [], "summary": {"covered_lines": 0, "num_statements": 27, "percent_covered": 0.0, "percent_covered_display": "0", "missing_lines": 27, "excluded_lines": 0, "num_branches": 8, "num_partial_branches": 0, "covered_branches": 0, "missing_branches": 8}, "missing_lines": [158, 160, 165, 168, 175, 176, 177, 179, 180, 181, 182, 183, 184, 186, 187, 195, 196, 198, 199, 200, 202, 209, 210, 212, 213, 214, 216], "excluded_lines": [], "executed_branches": [], "missing_branches": [[179, 180], [179, 182], [182, -173], [182, 183], [198, 199], [198, 202], [212, 213], [212, 216]]}, "": {"executed_lines": [], "summary": {"covered_lines": 0, "num_statements": 24, "percent_covered": 0.0, "percent_covered_display": "0", "missing_lines": 24, "excluded_lines": 0, "num_branches": 0, "num_partial_branches": 0, "covered_branches": 0, "missing_branches": 0}, "missing_lines": [7, 8, 9, 10, 11, 12, 15, 18, 32, 39, 61, 64, 75, 81, 105, 108, 119, 125, 154, 157, 167, 173, 192, 207], "excluded_lines": [], "executed_branches": [], "missing_branches": []}}}, "monitor/migrations/__init__.py": {"executed_lines": [], "summary": {"covered_lines": 0, "num_statements": 0, "percent_covered": 100.0, "percent_covered_display": "100", "missing_lines": 0, "excluded_lines": 0, "num_branches": 0, "num_partial_branches": 0, "covered_branches": 0, "missing_branches": 0}, "missing_lines": [], "excluded_lines": [], "executed_branches": [], "missing_branches": [], "functions": {"": {"executed_lines": [], "summary": {"covered_lines": 0, "num_statements": 0, "percent_covered": 100.0, "percent_covered_display": "100", "missing_lines": 0, "excluded_lines": 0, "num_branches": 0, "num_partial_branches": 0, "covered_branches": 0, "missing_branches": 0}, "missing_lines": [], "excluded_lines": [], "executed_branches": [], "missing_branches": []}}, "classes": {"": {"executed_lines": [], "summary": {"covered_lines": 0, "num_statements": 0, "percent_covered": 100.0, "percent_covered_display": "100", "missing_lines": 0, "excluded_lines": 0, "num_branches": 0, "num_partial_branches": 0, "covered_branches": 0, "missing_branches": 0}, "missing_lines": [], "excluded_lines": [], "executed_branches": [], "missing_branches": []}}}, "monitor/models.py": {"executed_lines": [], "summary": {"covered_lines": 0, "num_statements": 1, "percent_covered": 0.0, "percent_covered_display": "0", "missing_lines": 1, "excluded_lines": 0, "num_branches": 0, "num_partial_branches": 0, "covered_branches": 0, "missing_branches": 0}, "missing_lines": [1], "excluded_lines": [], "executed_branches": [], "missing_branches": [], "functions": {"": {"executed_lines": [], "summary": {"covered_lines": 0, "num_statements": 1, "percent_covered": 0.0, "percent_covered_display": "0", "missing_lines": 1, "excluded_lines": 0, "num_branches": 0, "num_partial_branches": 0, "covered_branches": 0, "missing_branches": 0}, "missing_lines": [1], "excluded_lines": [], "executed_branches": [], "missing_branches": []}}, "classes": {"": {"executed_lines": [], "summary": {"covered_lines": 0, "num_statements": 1, "percent_covered": 0.0, "percent_covered_display": "0", "missing_lines": 1, "excluded_lines": 0, "num_branches": 0, "num_partial_branches": 0, "covered_branches": 0, "missing_branches": 0}, "missing_lines": [1], "excluded_lines": [], "executed_branches": [], "missing_branches": []}}}, "monitor/network_test_views.py": {"executed_lines": [], "summary": {"covered_lines": 0, "num_statements": 127, "percent_covered": 0.0, "percent_covered_display": "0", "missing_lines": 127, "excluded_lines": 0, "num_branches": 18, "num_partial_branches": 0, "covered_branches": 0, "missing_branches": 18}, "missing_lines": [7, 8, 9, 10, 11, 12, 13, 14, 15, 16, 17, 18, 19, 20, 22, 24, 27, 29, 30, 33, 36, 37, 38, 39, 40, 41, 42, 43, 44, 47, 71, 79, 81, 82, 83, 89, 90, 93, 95, 96, 97, 99, 100, 106, 107, 109, 110, 119, 125, 126, 131, 132, 134, 135, 141, 146, 149, 157, 158, 160, 168, 169, 170, 175, 177, 178, 181, 182, 185, 194, 197, 199, 209, 210, 212, 213, 215, 216, 218, 219, 222, 223, 224, 231, 232, 233, 235, 237, 242, 245, 246, 249, 251, 253, 259, 261, 262, 264, 270, 271, 272, 274, 275, 278, 280, 287, 288, 290, 291, 297, 303, 304, 305, 311, 314, 316, 317, 320, 321, 326, 327, 332, 333, 337, 344, 345, 346], "excluded_lines": [], "executed_branches": [], "missing_branches": [[38, 39], [38, 47], [99, 100], [99, 106], [109, 110], [109, 119], [125, 126], [125, 131], [134, 135], [134, 141], [212, 213], [212, 215], [261, 262], [261, 278], [270, 261], [270, 271], [290, 291], [290, 297]], "functions": {"NetworkTestControllerView.get": {"executed_lines": [], "summary": {"covered_lines": 0, "num_statements": 18, "percent_covered": 0.0, "percent_covered_display": "0", "missing_lines": 18, "excluded_lines": 0, "num_branches": 2, "num_partial_branches": 0, "covered_branches": 0, "missing_branches": 2}, "missing_lines": [29, 30, 33, 36, 37, 38, 39, 40, 41, 42, 43, 44, 47, 71, 79, 81, 82, 83], "excluded_lines": [], "executed_branches": [], "missing_branches": [[38, 39], [38, 47]]}, "StartNetworkTestView.post": {"executed_lines": [], "summary": {"covered_lines": 0, "num_statements": 25, "percent_covered": 0.0, "percent_covered_display": "0", "missing_lines": 25, "excluded_lines": 0, "num_branches": 8, "num_partial_branches": 0, "covered_branches": 0, "missing_branches": 8}, "missing_lines": [95, 96, 97, 99, 100, 106, 107, 109, 110, 119, 125, 126, 131, 132, 134, 135, 141, 146, 149, 157, 158, 160, 168, 169, 170], "excluded_lines": [], "executed_branches": [], "missing_branches": [[99, 100], [99, 106], [109, 110], [109, 119], [125, 126], [125, 131], [134, 135], [134, 141]]}, "StartNetworkTestView.run_network_test": {"executed_lines": [], "summary": {"covered_lines": 0, "num_statements": 22, "percent_covered": 0.0, "percent_covered_display": "0", "missing_lines": 22, "excluded_lines": 0, "num_branches": 2, "num_partial_branches": 0, "covered_branches": 0, "missing_branches": 2}, "missing_lines": [177, 178, 181, 182, 185, 194, 197, 199, 209, 210, 212, 213, 215, 216, 218, 219, 222, 223, 224, 231, 232, 233], "excluded_lines": [], "executed_branches": [], "missing_branches": [[212, 213], [212, 215]]}, "StartNetworkTestView.get_estimated_duration": {"executed_lines": [], "summary": {"covered_lines": 0, "num_statements": 2, "percent_covered": 0.0, "percent_covered_display": "0", "missing_lines": 2, "excluded_lines": 0, "num_branches": 0, "num_partial_branches": 0, "covered_branches": 0, "missing_branches": 0}, "missing_lines": [237, 242], "excluded_lines": [], "executed_branches": [], "missing_branches": []}, "StopNetworkTestView.post": {"executed_lines": [], "summary": {"covered_lines": 0, "num_statements": 21, "percent_covered": 0.0, "percent_covered_display": "0", "missing_lines": 21, "excluded_lines": 0, "num_branches": 6, "num_partial_branches": 0, "covered_branches": 0, "missing_branches": 6}, "missing_lines": [251, 253, 259, 261, 262, 264, 270, 271, 272, 274, 275, 278, 280, 287, 288, 290, 291, 297, 303, 304, 305], "excluded_lines": [], "executed_branches": [], "missing_branches": [[261, 262], [261, 278], [270, 261], [270, 271], [290, 291], [290, 297]]}, "NetworkTestResultsView.get": {"executed_lines": [], "summary": {"covered_lines": 0, "num_statements": 12, "percent_covered": 0.0, "percent_covered_display": "0", "missing_lines": 12, "excluded_lines": 0, "num_branches": 0, "num_partial_branches": 0, "covered_branches": 0, "missing_branches": 0}, "missing_lines": [316, 317, 320, 321, 326, 327, 332, 333, 337, 344, 345, 346], "excluded_lines": [], "executed_branches": [], "missing_branches": []}, "": {"executed_lines": [], "summary": {"covered_lines": 0, "num_statements": 27, "percent_covered": 0.0, "percent_covered_display": "0", "missing_lines": 27, "excluded_lines": 0, "num_branches": 0, "num_partial_branches": 0, "covered_branches": 0, "missing_branches": 0}, "missing_lines": [7, 8, 9, 10, 11, 12, 13, 14, 15, 16, 17, 18, 19, 20, 22, 24, 27, 89, 90, 93, 175, 235, 245, 246, 249, 311, 314], "excluded_lines": [], "executed_branches": [], "missing_branches": []}}, "classes": {"NetworkTestControllerView": {"executed_lines": [], "summary": {"covered_lines": 0, "num_statements": 18, "percent_covered": 0.0, "percent_covered_display": "0", "missing_lines": 18, "excluded_lines": 0, "num_branches": 2, "num_partial_branches": 0, "covered_branches": 0, "missing_branches": 2}, "missing_lines": [29, 30, 33, 36, 37, 38, 39, 40, 41, 42, 43, 44, 47, 71, 79, 81, 82, 83], "excluded_lines": [], "executed_branches": [], "missing_branches": [[38, 39], [38, 47]]}, "StartNetworkTestView": {"executed_lines": [], "summary": {"covered_lines": 0, "num_statements": 49, "percent_covered": 0.0, "percent_covered_display": "0", "missing_lines": 49, "excluded_lines": 0, "num_branches": 10, "num_partial_branches": 0, "covered_branches": 0, "missing_branches": 10}, "missing_lines": [95, 96, 97, 99, 100, 106, 107, 109, 110, 119, 125, 126, 131, 132, 134, 135, 141, 146, 149, 157, 158, 160, 168, 169, 170, 177, 178, 181, 182, 185, 194, 197, 199, 209, 210, 212, 213, 215, 216, 218, 219, 222, 223, 224, 231, 232, 233, 237, 242], "excluded_lines": [], "executed_branches": [], "missing_branches": [[99, 100], [99, 106], [109, 110], [109, 119], [125, 126], [125, 131], [134, 135], [134, 141], [212, 213], [212, 215]]}, "StopNetworkTestView": {"executed_lines": [], "summary": {"covered_lines": 0, "num_statements": 21, "percent_covered": 0.0, "percent_covered_display": "0", "missing_lines": 21, "excluded_lines": 0, "num_branches": 6, "num_partial_branches": 0, "covered_branches": 0, "missing_branches": 6}, "missing_lines": [251, 253, 259, 261, 262, 264, 270, 271, 272, 274, 275, 278, 280, 287, 288, 290, 291, 297, 303, 304, 305], "excluded_lines": [], "executed_branches": [], "missing_branches": [[261, 262], [261, 278], [270, 261], [270, 271], [290, 291], [290, 297]]}, "NetworkTestResultsView": {"executed_lines": [], "summary": {"covered_lines": 0, "num_statements": 12, "percent_covered": 0.0, "percent_covered_display": "0", "missing_lines": 12, "excluded_lines": 0, "num_branches": 0, "num_partial_branches": 0, "covered_branches": 0, "missing_branches": 0}, "missing_lines": [316, 317, 320, 321, 326, 327, 332, 333, 337, 344, 345, 346], "excluded_lines": [], "executed_branches": [], "missing_branches": []}, "": {"executed_lines": [], "summary": {"covered_lines": 0, "num_statements": 27, "percent_covered": 0.0, "percent_covered_display": "0", "missing_lines": 27, "excluded_lines": 0, "num_branches": 0, "num_partial_branches": 0, "covered_branches": 0, "missing_branches": 0}, "missing_lines": [7, 8, 9, 10, 11, 12, 13, 14, 15, 16, 17, 18, 19, 20, 22, 24, 27, 89, 90, 93, 175, 235, 245, 246, 249, 311, 314], "excluded_lines": [], "executed_branches": [], "missing_branches": []}}}, "monitor/routing.py": {"executed_lines": [], "summary": {"covered_lines": 0, "num_statements": 3, "percent_covered": 0.0, "percent_covered_display": "0", "missing_lines": 3, "excluded_lines": 0, "num_branches": 0, "num_partial_branches": 0, "covered_branches": 0, "missing_branches": 0}, "missing_lines": [7, 8, 10], "excluded_lines": [], "executed_branches": [], "missing_branches": [], "functions": {"": {"executed_lines": [], "summary": {"covered_lines": 0, "num_statements": 3, "percent_covered": 0.0, "percent_covered_display": "0", "missing_lines": 3, "excluded_lines": 0, "num_branches": 0, "num_partial_branches": 0, "covered_branches": 0, "missing_branches": 0}, "missing_lines": [7, 8, 10], "excluded_lines": [], "executed_branches": [], "missing_branches": []}}, "classes": {"": {"executed_lines": [], "summary": {"covered_lines": 0, "num_statements": 3, "percent_covered": 0.0, "percent_covered_display": "0", "missing_lines": 3, "excluded_lines": 0, "num_branches": 0, "num_partial_branches": 0, "covered_branches": 0, "missing_branches": 0}, "missing_lines": [7, 8, 10], "excluded_lines": [], "executed_branches": [], "missing_branches": []}}}, "monitor/services.py": {"executed_lines": [], "summary": {"covered_lines": 0, "num_statements": 197, "percent_covered": 0.0, "percent_covered_display": "0", "missing_lines": 197, "excluded_lines": 0, "num_branches": 38, "num_partial_branches": 0, "covered_branches": 0, "missing_branches": 38}, "missing_lines": [7, 8, 9, 10, 11, 12, 13, 14, 15, 16, 17, 18, 21, 22, 25, 26, 29, 35, 36, 37, 38, 45, 47, 49, 50, 51, 52, 53, 54, 55, 57, 59, 60, 67, 68, 69, 70, 71, 73, 75, 76, 77, 78, 81, 83, 96, 97, 98, 104, 106, 108, 114, 116, 123, 124, 129, 130, 131, 137, 139, 140, 142, 143, 144, 145, 146, 147, 148, 149, 150, 151, 152, 154, 160, 162, 163, 169, 171, 172, 173, 175, 176, 177, 180, 181, 183, 192, 193, 194, 200, 202, 203, 209, 211, 222, 223, 224, 226, 227, 228, 233, 234, 237, 246, 247, 248, 249, 251, 260, 261, 262, 268, 270, 277, 278, 279, 280, 282, 288, 290, 291, 296, 300, 301, 302, 303, 305, 307, 308, 310, 311, 312, 313, 315, 319, 320, 322, 324, 325, 327, 328, 329, 330, 332, 336, 337, 339, 341, 343, 345, 346, 347, 352, 353, 354, 356, 359, 360, 363, 364, 371, 372, 379, 380, 388, 389, 398, 399, 401, 402, 403, 404, 405, 406, 407, 408, 409, 411, 413, 414, 415, 422, 430, 431, 438, 440, 442, 443, 444, 445, 446, 447, 448, 450, 463, 464, 465], "excluded_lines": [], "executed_branches": [], "missing_branches": [[142, 143], [142, 154], [143, 142], [143, 144], [145, 142], [145, 146], [162, 163], [162, 169], [202, 203], [202, 209], [226, 227], [226, 237], [248, 249], [248, 251], [278, 279], [278, 282], [279, 278], [279, 280], [307, 308], [307, 310], [324, 325], [324, 327], [345, 346], [345, 352], [363, 364], [363, 371], [371, 372], [371, 379], [379, 380], [379, 388], [388, 389], [388, 398], [413, 414], [413, 430], [414, 415], [414, 422], [430, 431], [430, 438]], "functions": {"HedgeFundProductionMonitor.__init__": {"executed_lines": [], "summary": {"covered_lines": 0, "num_statements": 3, "percent_covered": 0.0, "percent_covered_display": "0", "missing_lines": 3, "excluded_lines": 0, "num_branches": 0, "num_partial_branches": 0, "covered_branches": 0, "missing_branches": 0}, "missing_lines": [36, 37, 38], "excluded_lines": [], "executed_branches": [], "missing_branches": []}, "HedgeFundProductionMonitor._connect_redis": {"executed_lines": [], "summary": {"covered_lines": 0, "num_statements": 8, "percent_covered": 0.0, "percent_covered_display": "0", "missing_lines": 8, "excluded_lines": 0, "num_branches": 0, "num_partial_branches": 0, "covered_branches": 0, "missing_branches": 0}, "missing_lines": [47, 49, 50, 51, 52, 53, 54, 55], "excluded_lines": [], "executed_branches": [], "missing_branches": []}, "HedgeFundProductionMonitor._connect_clickhouse": {"executed_lines": [], "summary": {"covered_lines": 0, "num_statements": 7, "percent_covered": 0.0, "percent_covered_display": "0", "missing_lines": 7, "excluded_lines": 0, "num_branches": 0, "num_partial_branches": 0, "covered_branches": 0, "missing_branches": 0}, "missing_lines": [59, 60, 67, 68, 69, 70, 71], "excluded_lines": [], "executed_branches": [], "missing_branches": []}, "HedgeFundProductionMonitor.get_system_metrics": {"executed_lines": [], "summary": {"covered_lines": 0, "num_statements": 9, "percent_covered": 0.0, "percent_covered_display": "0", "missing_lines": 9, "excluded_lines": 0, "num_branches": 0, "num_partial_branches": 0, "covered_branches": 0, "missing_branches": 0}, "missing_lines": [75, 76, 77, 78, 81, 83, 96, 97, 98], "excluded_lines": [], "executed_branches": [], "missing_branches": []}, "HedgeFundProductionMonitor.get_kafka_metrics": {"executed_lines": [], "summary": {"covered_lines": 0, "num_statements": 9, "percent_covered": 0.0, "percent_covered_display": "0", "missing_lines": 9, "excluded_lines": 0, "num_branches": 0, "num_partial_branches": 0, "covered_branches": 0, "missing_branches": 0}, "missing_lines": [106, 108, 114, 116, 123, 124, 129, 130, 131], "excluded_lines": [], "executed_branches": [], "missing_branches": []}, "HedgeFundProductionMonitor._parse_kafka_lag": {"executed_lines": [], "summary": {"covered_lines": 0, "num_statements": 14, "percent_covered": 0.0, "percent_covered_display": "0", "missing_lines": 14, "excluded_lines": 0, "num_branches": 6, "num_partial_branches": 0, "covered_branches": 0, "missing_branches": 6}, "missing_lines": [139, 140, 142, 143, 144, 145, 146, 147, 148, 149, 150, 151, 152, 154], "excluded_lines": [], "executed_branches": [], "missing_branches": [[142, 143], [142, 154], [143, 142], [143, 144], [145, 142], [145, 146]]}, "HedgeFundProductionMonitor.get_data_flow_metrics": {"executed_lines": [], "summary": {"covered_lines": 0, "num_statements": 15, "percent_covered": 0.0, "percent_covered_display": "0", "missing_lines": 15, "excluded_lines": 0, "num_branches": 2, "num_partial_branches": 0, "covered_branches": 0, "missing_branches": 2}, "missing_lines": [162, 163, 169, 171, 172, 173, 175, 176, 177, 180, 181, 183, 192, 193, 194], "excluded_lines": [], "executed_branches": [], "missing_branches": [[162, 163], [162, 169]]}, "HedgeFundProductionMonitor.get_clickhouse_metrics": {"executed_lines": [], "summary": {"covered_lines": 0, "num_statements": 21, "percent_covered": 0.0, "percent_covered_display": "0", "missing_lines": 21, "excluded_lines": 0, "num_branches": 6, "num_partial_branches": 0, "covered_branches": 0, "missing_branches": 6}, "missing_lines": [202, 203, 209, 211, 222, 223, 224, 226, 227, 228, 233, 234, 237, 246, 247, 248, 249, 251, 260, 261, 262], "excluded_lines": [], "executed_branches": [], "missing_branches": [[202, 203], [202, 209], [226, 227], [226, 237], [248, 249], [248, 251]]}, "HedgeFundProductionMonitor.check_service_health": {"executed_lines": [], "summary": {"covered_lines": 0, "num_statements": 6, "percent_covered": 0.0, "percent_covered_display": "0", "missing_lines": 6, "excluded_lines": 0, "num_branches": 4, "num_partial_branches": 0, "covered_branches": 0, "missing_branches": 4}, "missing_lines": [270, 277, 278, 279, 280, 282], "excluded_lines": [], "executed_branches": [], "missing_branches": [[278, 279], [278, 282], [279, 278], [279, 280]]}, "HedgeFundProductionMonitor._check_kafka_health": {"executed_lines": [], "summary": {"covered_lines": 0, "num_statements": 7, "percent_covered": 0.0, "percent_covered_display": "0", "missing_lines": 7, "excluded_lines": 0, "num_branches": 0, "num_partial_branches": 0, "covered_branches": 0, "missing_branches": 0}, "missing_lines": [290, 291, 296, 300, 301, 302, 303], "excluded_lines": [], "executed_branches": [], "missing_branches": []}, "HedgeFundProductionMonitor._check_redis_health": {"executed_lines": [], "summary": {"covered_lines": 0, "num_statements": 9, "percent_covered": 0.0, "percent_covered_display": "0", "missing_lines": 9, "excluded_lines": 0, "num_branches": 2, "num_partial_branches": 0, "covered_branches": 0, "missing_branches": 2}, "missing_lines": [307, 308, 310, 311, 312, 313, 315, 319, 320], "excluded_lines": [], "executed_branches": [], "missing_branches": [[307, 308], [307, 310]]}, "HedgeFundProductionMonitor._check_clickhouse_health": {"executed_lines": [], "summary": {"covered_lines": 0, "num_statements": 9, "percent_covered": 0.0, "percent_covered_display": "0", "missing_lines": 9, "excluded_lines": 0, "num_branches": 2, "num_partial_branches": 0, "covered_branches": 0, "missing_branches": 2}, "missing_lines": [324, 325, 327, 328, 329, 330, 332, 336, 337], "excluded_lines": [], "executed_branches": [], "missing_branches": [[324, 325], [324, 327]]}, "HedgeFundProductionMonitor._check_iqfeed_health": {"executed_lines": [], "summary": {"covered_lines": 0, "num_statements": 8, "percent_covered": 0.0, "percent_covered_display": "0", "missing_lines": 8, "excluded_lines": 0, "num_branches": 2, "num_partial_branches": 0, "covered_branches": 0, "missing_branches": 2}, "missing_lines": [341, 343, 345, 346, 347, 352, 353, 354], "excluded_lines": [], "executed_branches": [], "missing_branches": [[345, 346], [345, 352]]}, "HedgeFundProductionMonitor.generate_alerts": {"executed_lines": [], "summary": {"covered_lines": 0, "num_statements": 29, "percent_covered": 0.0, "percent_covered_display": "0", "missing_lines": 29, "excluded_lines": 0, "num_branches": 14, "num_partial_branches": 0, "covered_branches": 0, "missing_branches": 14}, "missing_lines": [359, 360, 363, 364, 371, 372, 379, 380, 388, 389, 398, 399, 401, 402, 403, 404, 405, 406, 407, 408, 409, 411, 413, 414, 415, 422, 430, 431, 438], "excluded_lines": [], "executed_branches": [], "missing_branches": [[363, 364], [363, 371], [371, 372], [371, 379], [379, 380], [379, 388], [388, 389], [388, 398], [413, 414], [413, 430], [414, 415], [414, 422], [430, 431], [430, 438]]}, "HedgeFundProductionMonitor.get_comprehensive_status": {"executed_lines": [], "summary": {"covered_lines": 0, "num_statements": 11, "percent_covered": 0.0, "percent_covered_display": "0", "missing_lines": 11, "excluded_lines": 0, "num_branches": 0, "num_partial_branches": 0, "covered_branches": 0, "missing_branches": 0}, "missing_lines": [442, 443, 444, 445, 446, 447, 448, 450, 463, 464, 465], "excluded_lines": [], "executed_branches": [], "missing_branches": []}, "": {"executed_lines": [], "summary": {"covered_lines": 0, "num_statements": 32, "percent_covered": 0.0, "percent_covered_display": "0", "missing_lines": 32, "excluded_lines": 0, "num_branches": 0, "num_partial_branches": 0, "covered_branches": 0, "missing_branches": 0}, "missing_lines": [7, 8, 9, 10, 11, 12, 13, 14, 15, 16, 17, 18, 21, 22, 25, 26, 29, 35, 45, 57, 73, 104, 137, 160, 200, 268, 288, 305, 322, 339, 356, 440], "excluded_lines": [], "executed_branches": [], "missing_branches": []}}, "classes": {"HedgeFundProductionMonitor": {"executed_lines": [], "summary": {"covered_lines": 0, "num_statements": 165, "percent_covered": 0.0, "percent_covered_display": "0", "missing_lines": 165, "excluded_lines": 0, "num_branches": 38, "num_partial_branches": 0, "covered_branches": 0, "missing_branches": 38}, "missing_lines": [36, 37, 38, 47, 49, 50, 51, 52, 53, 54, 55, 59, 60, 67, 68, 69, 70, 71, 75, 76, 77, 78, 81, 83, 96, 97, 98, 106, 108, 114, 116, 123, 124, 129, 130, 131, 139, 140, 142, 143, 144, 145, 146, 147, 148, 149, 150, 151, 152, 154, 162, 163, 169, 171, 172, 173, 175, 176, 177, 180, 181, 183, 192, 193, 194, 202, 203, 209, 211, 222, 223, 224, 226, 227, 228, 233, 234, 237, 246, 247, 248, 249, 251, 260, 261, 262, 270, 277, 278, 279, 280, 282, 290, 291, 296, 300, 301, 302, 303, 307, 308, 310, 311, 312, 313, 315, 319, 320, 324, 325, 327, 328, 329, 330, 332, 336, 337, 341, 343, 345, 346, 347, 352, 353, 354, 359, 360, 363, 364, 371, 372, 379, 380, 388, 389, 398, 399, 401, 402, 403, 404, 405, 406, 407, 408, 409, 411, 413, 414, 415, 422, 430, 431, 438, 442, 443, 444, 445, 446, 447, 448, 450, 463, 464, 465], "excluded_lines": [], "executed_branches": [], "missing_branches": [[142, 143], [142, 154], [143, 142], [143, 144], [145, 142], [145, 146], [162, 163], [162, 169], [202, 203], [202, 209], [226, 227], [226, 237], [248, 249], [248, 251], [278, 279], [278, 282], [279, 278], [279, 280], [307, 308], [307, 310], [324, 325], [324, 327], [345, 346], [345, 352], [363, 364], [363, 371], [371, 372], [371, 379], [379, 380], [379, 388], [388, 389], [388, 398], [413, 414], [413, 430], [414, 415], [414, 422], [430, 431], [430, 438]]}, "": {"executed_lines": [], "summary": {"covered_lines": 0, "num_statements": 32, "percent_covered": 0.0, "percent_covered_display": "0", "missing_lines": 32, "excluded_lines": 0, "num_branches": 0, "num_partial_branches": 0, "covered_branches": 0, "missing_branches": 0}, "missing_lines": [7, 8, 9, 10, 11, 12, 13, 14, 15, 16, 17, 18, 21, 22, 25, 26, 29, 35, 45, 57, 73, 104, 137, 160, 200, 268, 288, 305, 322, 339, 356, 440], "excluded_lines": [], "executed_branches": [], "missing_branches": []}}}, "monitor/tests.py": {"executed_lines": [], "summary": {"covered_lines": 0, "num_statements": 118, "percent_covered": 0.0, "percent_covered_display": "0", "missing_lines": 118, "excluded_lines": 0, "num_branches": 6, "num_partial_branches": 0, "covered_branches": 0, "missing_branches": 6}, "missing_lines": [8, 9, 10, 11, 14, 17, 19, 20, 22, 23, 24, 25, 28, 31, 33, 34, 36, 37, 38, 41, 43, 44, 46, 47, 48, 51, 54, 56, 57, 59, 60, 61, 63, 65, 66, 69, 71, 72, 74, 76, 77, 79, 80, 81, 83, 85, 86, 89, 91, 92, 95, 98, 100, 101, 103, 106, 107, 108, 111, 112, 113, 114, 115, 118, 119, 120, 121, 122, 125, 128, 130, 131, 133, 134, 135, 136, 139, 140, 141, 142, 143, 146, 149, 151, 166, 167, 168, 169, 171, 173, 174, 177, 178, 180, 182, 183, 186, 187, 190, 191, 194, 197, 199, 201, 204, 207, 209, 211, 212, 214, 216, 218, 221, 222, 224, 225, 227, 228], "excluded_lines": [], "executed_branches": [], "missing_branches": [[113, 114], [113, 118], [139, -128], [139, 140], [166, -149], [166, 167]], "functions": {"HealthCheckAPITestCase.test_health_endpoint_responds_correctly": {"executed_lines": [], "summary": {"covered_lines": 0, "num_statements": 6, "percent_covered": 0.0, "percent_covered_display": "0", "missing_lines": 6, "excluded_lines": 0, "num_branches": 0, "num_partial_branches": 0, "covered_branches": 0, "missing_branches": 0}, "missing_lines": [19, 20, 22, 23, 24, 25], "excluded_lines": [], "executed_branches": [], "missing_branches": []}, "SystemStatusAPITestCase.test_system_status_endpoint": {"executed_lines": [], "summary": {"covered_lines": 0, "num_statements": 5, "percent_covered": 0.0, "percent_covered_display": "0", "missing_lines": 5, "excluded_lines": 0, "num_branches": 0, "num_partial_branches": 0, "covered_branches": 0, "missing_branches": 0}, "missing_lines": [33, 34, 36, 37, 38], "excluded_lines": [], "executed_branches": [], "missing_branches": []}, "SystemStatusAPITestCase.test_system_metrics_endpoint": {"executed_lines": [], "summary": {"covered_lines": 0, "num_statements": 5, "percent_covered": 0.0, "percent_covered_display": "0", "missing_lines": 5, "excluded_lines": 0, "num_branches": 0, "num_partial_branches": 0, "covered_branches": 0, "missing_branches": 0}, "missing_lines": [43, 44, 46, 47, 48], "excluded_lines": [], "executed_branches": [], "missing_branches": []}, "TradingAPITestCase.test_iqfeed_api_get": {"executed_lines": [], "summary": {"covered_lines": 0, "num_statements": 5, "percent_covered": 0.0, "percent_covered_display": "0", "missing_lines": 5, "excluded_lines": 0, "num_branches": 0, "num_partial_branches": 0, "covered_branches": 0, "missing_branches": 0}, "missing_lines": [56, 57, 59, 60, 61], "excluded_lines": [], "executed_branches": [], "missing_branches": []}, "TradingAPITestCase.test_iqfeed_api_post": {"executed_lines": [], "summary": {"covered_lines": 0, "num_statements": 5, "percent_covered": 0.0, "percent_covered_display": "0", "missing_lines": 5, "excluded_lines": 0, "num_branches": 0, "num_partial_branches": 0, "covered_branches": 0, "missing_branches": 0}, "missing_lines": [65, 66, 69, 71, 72], "excluded_lines": [], "executed_branches": [], "missing_branches": []}, "TradingAPITestCase.test_interactive_brokers_api_get": {"executed_lines": [], "summary": {"covered_lines": 0, "num_statements": 5, "percent_covered": 0.0, "percent_covered_display": "0", "missing_lines": 5, "excluded_lines": 0, "num_branches": 0, "num_partial_branches": 0, "covered_branches": 0, "missing_branches": 0}, "missing_lines": [76, 77, 79, 80, 81], "excluded_lines": [], "executed_branches": [], "missing_branches": []}, "TradingAPITestCase.test_interactive_brokers_api_post": {"executed_lines": [], "summary": {"covered_lines": 0, "num_statements": 5, "percent_covered": 0.0, "percent_covered_display": "0", "missing_lines": 5, "excluded_lines": 0, "num_branches": 0, "num_partial_branches": 0, "covered_branches": 0, "missing_branches": 0}, "missing_lines": [85, 86, 89, 91, 92], "excluded_lines": [], "executed_branches": [], "missing_branches": []}, "UITestingAPITestCase.test_ui_test_data_endpoint": {"executed_lines": [], "summary": {"covered_lines": 0, "num_statements": 16, "percent_covered": 0.0, "percent_covered_display": "0", "missing_lines": 16, "excluded_lines": 0, "num_branches": 2, "num_partial_branches": 0, "covered_branches": 0, "missing_branches": 2}, "missing_lines": [100, 101, 103, 106, 107, 108, 111, 112, 113, 114, 115, 118, 119, 120, 121, 122], "excluded_lines": [], "executed_branches": [], "missing_branches": [[113, 114], [113, 118]]}, "AlertsAPITestCase.test_alerts_endpoint": {"executed_lines": [], "summary": {"covered_lines": 0, "num_statements": 11, "percent_covered": 0.0, "percent_covered_display": "0", "missing_lines": 11, "excluded_lines": 0, "num_branches": 2, "num_partial_branches": 0, "covered_branches": 0, "missing_branches": 2}, "missing_lines": [130, 131, 133, 134, 135, 136, 139, 140, 141, 142, 143], "excluded_lines": [], "executed_branches": [], "missing_branches": [[139, -128], [139, 140]]}, "APIIntegrationTestCase.test_all_api_endpoints_accessible": {"executed_lines": [], "summary": {"covered_lines": 0, "num_statements": 5, "percent_covered": 0.0, "percent_covered_display": "0", "missing_lines": 5, "excluded_lines": 0, "num_branches": 2, "num_partial_branches": 0, "covered_branches": 0, "missing_branches": 2}, "missing_lines": [151, 166, 167, 168, 169], "excluded_lines": [], "executed_branches": [], "missing_branches": [[166, -149], [166, 167]]}, "APIIntegrationTestCase.test_json_responses": {"executed_lines": [], "summary": {"covered_lines": 0, "num_statements": 4, "percent_covered": 0.0, "percent_covered_display": "0", "missing_lines": 4, "excluded_lines": 0, "num_branches": 0, "num_partial_branches": 0, "covered_branches": 0, "missing_branches": 0}, "missing_lines": [173, 174, 177, 178], "excluded_lines": [], "executed_branches": [], "missing_branches": []}, "APIIntegrationTestCase.test_production_readiness": {"executed_lines": [], "summary": {"covered_lines": 0, "num_statements": 6, "percent_covered": 0.0, "percent_covered_display": "0", "missing_lines": 6, "excluded_lines": 0, "num_branches": 0, "num_partial_branches": 0, "covered_branches": 0, "missing_branches": 0}, "missing_lines": [182, 183, 186, 187, 190, 191], "excluded_lines": [], "executed_branches": [], "missing_branches": []}, "DashboardViewTestCase.test_dashboard_loads": {"executed_lines": [], "summary": {"covered_lines": 0, "num_statements": 2, "percent_covered": 0.0, "percent_covered_display": "0", "missing_lines": 2, "excluded_lines": 0, "num_branches": 0, "num_partial_branches": 0, "covered_branches": 0, "missing_branches": 0}, "missing_lines": [199, 201], "excluded_lines": [], "executed_branches": [], "missing_branches": []}, "ProductionMonitorServiceTestCase.test_service_import": {"executed_lines": [], "summary": {"covered_lines": 0, "num_statements": 3, "percent_covered": 0.0, "percent_covered_display": "0", "missing_lines": 3, "excluded_lines": 0, "num_branches": 0, "num_partial_branches": 0, "covered_branches": 0, "missing_branches": 0}, "missing_lines": [209, 211, 212], "excluded_lines": [], "executed_branches": [], "missing_branches": []}, "ProductionMonitorServiceTestCase.test_service_methods_callable": {"executed_lines": [], "summary": {"covered_lines": 0, "num_statements": 8, "percent_covered": 0.0, "percent_covered_display": "0", "missing_lines": 8, "excluded_lines": 0, "num_branches": 0, "num_partial_branches": 0, "covered_branches": 0, "missing_branches": 0}, "missing_lines": [216, 218, 221, 222, 224, 225, 227, 228], "excluded_lines": [], "executed_branches": [], "missing_branches": []}, "": {"executed_lines": [], "summary": {"covered_lines": 0, "num_statements": 27, "percent_covered": 0.0, "percent_covered_display": "0", "missing_lines": 27, "excluded_lines": 0, "num_branches": 0, "num_partial_branches": 0, "covered_branches": 0, "missing_branches": 0}, "missing_lines": [8, 9, 10, 11, 14, 17, 28, 31, 41, 51, 54, 63, 74, 83, 95, 98, 125, 128, 146, 149, 171, 180, 194, 197, 204, 207, 214], "excluded_lines": [], "executed_branches": [], "missing_branches": []}}, "classes": {"HealthCheckAPITestCase": {"executed_lines": [], "summary": {"covered_lines": 0, "num_statements": 6, "percent_covered": 0.0, "percent_covered_display": "0", "missing_lines": 6, "excluded_lines": 0, "num_branches": 0, "num_partial_branches": 0, "covered_branches": 0, "missing_branches": 0}, "missing_lines": [19, 20, 22, 23, 24, 25], "excluded_lines": [], "executed_branches": [], "missing_branches": []}, "SystemStatusAPITestCase": {"executed_lines": [], "summary": {"covered_lines": 0, "num_statements": 10, "percent_covered": 0.0, "percent_covered_display": "0", "missing_lines": 10, "excluded_lines": 0, "num_branches": 0, "num_partial_branches": 0, "covered_branches": 0, "missing_branches": 0}, "missing_lines": [33, 34, 36, 37, 38, 43, 44, 46, 47, 48], "excluded_lines": [], "executed_branches": [], "missing_branches": []}, "TradingAPITestCase": {"executed_lines": [], "summary": {"covered_lines": 0, "num_statements": 20, "percent_covered": 0.0, "percent_covered_display": "0", "missing_lines": 20, "excluded_lines": 0, "num_branches": 0, "num_partial_branches": 0, "covered_branches": 0, "missing_branches": 0}, "missing_lines": [56, 57, 59, 60, 61, 65, 66, 69, 71, 72, 76, 77, 79, 80, 81, 85, 86, 89, 91, 92], "excluded_lines": [], "executed_branches": [], "missing_branches": []}, "UITestingAPITestCase": {"executed_lines": [], "summary": {"covered_lines": 0, "num_statements": 16, "percent_covered": 0.0, "percent_covered_display": "0", "missing_lines": 16, "excluded_lines": 0, "num_branches": 2, "num_partial_branches": 0, "covered_branches": 0, "missing_branches": 2}, "missing_lines": [100, 101, 103, 106, 107, 108, 111, 112, 113, 114, 115, 118, 119, 120, 121, 122], "excluded_lines": [], "executed_branches": [], "missing_branches": [[113, 114], [113, 118]]}, "AlertsAPITestCase": {"executed_lines": [], "summary": {"covered_lines": 0, "num_statements": 11, "percent_covered": 0.0, "percent_covered_display": "0", "missing_lines": 11, "excluded_lines": 0, "num_branches": 2, "num_partial_branches": 0, "covered_branches": 0, "missing_branches": 2}, "missing_lines": [130, 131, 133, 134, 135, 136, 139, 140, 141, 142, 143], "excluded_lines": [], "executed_branches": [], "missing_branches": [[139, -128], [139, 140]]}, "APIIntegrationTestCase": {"executed_lines": [], "summary": {"covered_lines": 0, "num_statements": 15, "percent_covered": 0.0, "percent_covered_display": "0", "missing_lines": 15, "excluded_lines": 0, "num_branches": 2, "num_partial_branches": 0, "covered_branches": 0, "missing_branches": 2}, "missing_lines": [151, 166, 167, 168, 169, 173, 174, 177, 178, 182, 183, 186, 187, 190, 191], "excluded_lines": [], "executed_branches": [], "missing_branches": [[166, -149], [166, 167]]}, "DashboardViewTestCase": {"executed_lines": [], "summary": {"covered_lines": 0, "num_statements": 2, "percent_covered": 0.0, "percent_covered_display": "0", "missing_lines": 2, "excluded_lines": 0, "num_branches": 0, "num_partial_branches": 0, "covered_branches": 0, "missing_branches": 0}, "missing_lines": [199, 201], "excluded_lines": [], "executed_branches": [], "missing_branches": []}, "ProductionMonitorServiceTestCase": {"executed_lines": [], "summary": {"covered_lines": 0, "num_statements": 11, "percent_covered": 0.0, "percent_covered_display": "0", "missing_lines": 11, "excluded_lines": 0, "num_branches": 0, "num_partial_branches": 0, "covered_branches": 0, "missing_branches": 0}, "missing_lines": [209, 211, 212, 216, 218, 221, 222, 224, 225, 227, 228], "excluded_lines": [], "executed_branches": [], "missing_branches": []}, "": {"executed_lines": [], "summary": {"covered_lines": 0, "num_statements": 27, "percent_covered": 0.0, "percent_covered_display": "0", "missing_lines": 27, "excluded_lines": 0, "num_branches": 0, "num_partial_branches": 0, "covered_branches": 0, "missing_branches": 0}, "missing_lines": [8, 9, 10, 11, 14, 17, 28, 31, 41, 51, 54, 63, 74, 83, 95, 98, 125, 128, 146, 149, 171, 180, 194, 197, 204, 207, 214], "excluded_lines": [], "executed_branches": [], "missing_branches": []}}}, "monitor/tests_fast.py": {"executed_lines": [], "summary": {"covered_lines": 0, "num_statements": 106, "percent_covered": 0.0, "percent_covered_display": "0", "missing_lines": 106, "excluded_lines": 0, "num_branches": 6, "num_partial_branches": 0, "covered_branches": 0, "missing_branches": 6}, "missing_lines": [8, 9, 10, 11, 14, 31, 34, 36, 37, 39, 40, 41, 42, 45, 50, 53, 54, 57, 58, 65, 67, 68, 70, 71, 72, 74, 75, 77, 78, 85, 87, 88, 90, 91, 92, 95, 100, 103, 105, 106, 108, 109, 110, 112, 114, 115, 118, 120, 121, 123, 125, 126, 128, 129, 130, 133, 138, 141, 143, 149, 150, 151, 152, 155, 157, 159, 160, 161, 162, 165, 166, 168, 169, 171, 172, 176, 178, 179, 182, 186, 191, 194, 195, 196, 199, 200, 201, 204, 205, 206, 208, 210, 211, 214, 215, 216, 220, 223, 225, 226, 229, 230, 231, 232, 234, 237], "excluded_lines": [], "executed_branches": [], "missing_branches": [[149, -141], [149, 150], [159, -155], [159, 160], [230, 231], [230, 234]], "functions": {"FastHealthCheckTestCase.test_health_endpoint_responds_correctly": {"executed_lines": [], "summary": {"covered_lines": 0, "num_statements": 6, "percent_covered": 0.0, "percent_covered_display": "0", "missing_lines": 6, "excluded_lines": 0, "num_branches": 0, "num_partial_branches": 0, "covered_branches": 0, "missing_branches": 0}, "missing_lines": [36, 37, 39, 40, 41, 42], "excluded_lines": [], "executed_branches": [], "missing_branches": []}, "FastAPIEndpointTestCase.test_system_status_endpoint_mocked": {"executed_lines": [], "summary": {"covered_lines": 0, "num_statements": 8, "percent_covered": 0.0, "percent_covered_display": "0", "missing_lines": 8, "excluded_lines": 0, "num_branches": 0, "num_partial_branches": 0, "covered_branches": 0, "missing_branches": 0}, "missing_lines": [57, 58, 65, 67, 68, 70, 71, 72], "excluded_lines": [], "executed_branches": [], "missing_branches": []}, "FastAPIEndpointTestCase.test_system_metrics_endpoint_mocked": {"executed_lines": [], "summary": {"covered_lines": 0, "num_statements": 8, "percent_covered": 0.0, "percent_covered_display": "0", "missing_lines": 8, "excluded_lines": 0, "num_branches": 0, "num_partial_branches": 0, "covered_branches": 0, "missing_branches": 0}, "missing_lines": [77, 78, 85, 87, 88, 90, 91, 92], "excluded_lines": [], "executed_branches": [], "missing_branches": []}, "FastTradingAPITestCase.test_iqfeed_api_get_fast": {"executed_lines": [], "summary": {"covered_lines": 0, "num_statements": 5, "percent_covered": 0.0, "percent_covered_display": "0", "missing_lines": 5, "excluded_lines": 0, "num_branches": 0, "num_partial_branches": 0, "covered_branches": 0, "missing_branches": 0}, "missing_lines": [105, 106, 108, 109, 110], "excluded_lines": [], "executed_branches": [], "missing_branches": []}, "FastTradingAPITestCase.test_iqfeed_api_post_fast": {"executed_lines": [], "summary": {"covered_lines": 0, "num_statements": 5, "percent_covered": 0.0, "percent_covered_display": "0", "missing_lines": 5, "excluded_lines": 0, "num_branches": 0, "num_partial_branches": 0, "covered_branches": 0, "missing_branches": 0}, "missing_lines": [114, 115, 118, 120, 121], "excluded_lines": [], "executed_branches": [], "missing_branches": []}, "FastTradingAPITestCase.test_interactive_brokers_api_get_fast": {"executed_lines": [], "summary": {"covered_lines": 0, "num_statements": 5, "percent_covered": 0.0, "percent_covered_display": "0", "missing_lines": 5, "excluded_lines": 0, "num_branches": 0, "num_partial_branches": 0, "covered_branches": 0, "missing_branches": 0}, "missing_lines": [125, 126, 128, 129, 130], "excluded_lines": [], "executed_branches": [], "missing_branches": []}, "FastCriticalEndpointsTestCase.test_critical_endpoints_respond": {"executed_lines": [], "summary": {"covered_lines": 0, "num_statements": 5, "percent_covered": 0.0, "percent_covered_display": "0", "missing_lines": 5, "excluded_lines": 0, "num_branches": 2, "num_partial_branches": 0, "covered_branches": 0, "missing_branches": 2}, "missing_lines": [143, 149, 150, 151, 152], "excluded_lines": [], "executed_branches": [], "missing_branches": [[149, -141], [149, 150]]}, "FastCriticalEndpointsTestCase.test_json_responses_valid": {"executed_lines": [], "summary": {"covered_lines": 0, "num_statements": 7, "percent_covered": 0.0, "percent_covered_display": "0", "missing_lines": 7, "excluded_lines": 0, "num_branches": 2, "num_partial_branches": 0, "covered_branches": 0, "missing_branches": 2}, "missing_lines": [157, 159, 160, 161, 162, 165, 166], "excluded_lines": [], "executed_branches": [], "missing_branches": [[159, -155], [159, 160]]}, "FastCriticalEndpointsTestCase.test_money_safety_validation": {"executed_lines": [], "summary": {"covered_lines": 0, "num_statements": 6, "percent_covered": 0.0, "percent_covered_display": "0", "missing_lines": 6, "excluded_lines": 0, "num_branches": 0, "num_partial_branches": 0, "covered_branches": 0, "missing_branches": 0}, "missing_lines": [171, 172, 176, 178, 179, 182], "excluded_lines": [], "executed_branches": [], "missing_branches": []}, "FastServiceIntegrationTestCase.test_service_initialization_mocked": {"executed_lines": [], "summary": {"covered_lines": 0, "num_statements": 12, "percent_covered": 0.0, "percent_covered_display": "0", "missing_lines": 12, "excluded_lines": 0, "num_branches": 0, "num_partial_branches": 0, "covered_branches": 0, "missing_branches": 0}, "missing_lines": [199, 200, 201, 204, 205, 206, 208, 210, 211, 214, 215, 216], "excluded_lines": [], "executed_branches": [], "missing_branches": []}, "FastPerformanceTestCase.test_suite_performance_benchmark": {"executed_lines": [], "summary": {"covered_lines": 0, "num_statements": 8, "percent_covered": 0.0, "percent_covered_display": "0", "missing_lines": 8, "excluded_lines": 0, "num_branches": 2, "num_partial_branches": 0, "covered_branches": 0, "missing_branches": 2}, "missing_lines": [225, 226, 229, 230, 231, 232, 234, 237], "excluded_lines": [], "executed_branches": [], "missing_branches": [[230, 231], [230, 234]]}, "": {"executed_lines": [], "summary": {"covered_lines": 0, "num_statements": 31, "percent_covered": 0.0, "percent_covered_display": "0", "missing_lines": 31, "excluded_lines": 0, "num_branches": 0, "num_partial_branches": 0, "covered_branches": 0, "missing_branches": 0}, "missing_lines": [8, 9, 10, 11, 14, 31, 34, 45, 50, 53, 54, 74, 75, 95, 100, 103, 112, 123, 133, 138, 141, 155, 168, 169, 186, 191, 194, 195, 196, 220, 223], "excluded_lines": [], "executed_branches": [], "missing_branches": []}}, "classes": {"FastHealthCheckTestCase": {"executed_lines": [], "summary": {"covered_lines": 0, "num_statements": 6, "percent_covered": 0.0, "percent_covered_display": "0", "missing_lines": 6, "excluded_lines": 0, "num_branches": 0, "num_partial_branches": 0, "covered_branches": 0, "missing_branches": 0}, "missing_lines": [36, 37, 39, 40, 41, 42], "excluded_lines": [], "executed_branches": [], "missing_branches": []}, "FastAPIEndpointTestCase": {"executed_lines": [], "summary": {"covered_lines": 0, "num_statements": 16, "percent_covered": 0.0, "percent_covered_display": "0", "missing_lines": 16, "excluded_lines": 0, "num_branches": 0, "num_partial_branches": 0, "covered_branches": 0, "missing_branches": 0}, "missing_lines": [57, 58, 65, 67, 68, 70, 71, 72, 77, 78, 85, 87, 88, 90, 91, 92], "excluded_lines": [], "executed_branches": [], "missing_branches": []}, "FastTradingAPITestCase": {"executed_lines": [], "summary": {"covered_lines": 0, "num_statements": 15, "percent_covered": 0.0, "percent_covered_display": "0", "missing_lines": 15, "excluded_lines": 0, "num_branches": 0, "num_partial_branches": 0, "covered_branches": 0, "missing_branches": 0}, "missing_lines": [105, 106, 108, 109, 110, 114, 115, 118, 120, 121, 125, 126, 128, 129, 130], "excluded_lines": [], "executed_branches": [], "missing_branches": []}, "FastCriticalEndpointsTestCase": {"executed_lines": [], "summary": {"covered_lines": 0, "num_statements": 18, "percent_covered": 0.0, "percent_covered_display": "0", "missing_lines": 18, "excluded_lines": 0, "num_branches": 4, "num_partial_branches": 0, "covered_branches": 0, "missing_branches": 4}, "missing_lines": [143, 149, 150, 151, 152, 157, 159, 160, 161, 162, 165, 166, 171, 172, 176, 178, 179, 182], "excluded_lines": [], "executed_branch
[...]
, 469, 472, 473, 474, 477, 478, 481, 488, 490, 492, 494, 495, 497, 501, 502], "excluded_lines": [], "executed_branches": [[500, -2]], "missing_branches": [[27, 28], [27, 31], [32, -22], [32, 33], [43, 44], [43, 47], [62, 63], [62, 67], [64, 62], [64, 65], [71, 72], [71, 74], [77, -69], [77, 78], [98, 99], [98, 101], [102, -93], [102, 103], [109, 110], [109, 112], [139, 140], [139, 142], [168, 169], [168, 171], [197, 198], [197, 200], [230, -225], [230, 231], [235, 236], [235, 238], [241, -233], [241, 242], [276, 241], [276, 277], [281, 282], [281, 284], [287, -279], [287, 288], [354, 355], [354, 358], [367, -352], [367, 368], [375, -370], [375, 376], [382, -370], [382, 384], [385, 386], [385, 390], [387, 385], [387, 388], [401, -396], [401, 402], [407, 408], [407, 411], [413, -404], [413, 415], [420, -404], [420, 421], [426, 420], [426, 427], [441, 420], [441, 442], [450, 451], [450, 453], [453, 454], [453, 456], [463, 464], [463, 497], [494, 463], [494, 495], [500, 501]], "functions": {"TestUIComponentAccessibility.setup_method": {"executed_lines": [], "summary": {"covered_lines": 0, "num_statements": 7, "percent_covered": 0.0, "percent_covered_display": "0", "missing_lines": 7, "excluded_lines": 0, "num_branches": 4, "num_partial_branches": 0, "covered_branches": 0, "missing_branches": 4}, "missing_lines": [24, 25, 27, 28, 31, 32, 33], "excluded_lines": [], "executed_branches": [], "missing_branches": [[27, 28], [27, 31], [32, -22], [32, 33]]}, "TestUIComponentAccessibility.test_components_directory_exists": {"executed_lines": [], "summary": {"covered_lines": 0, "num_statements": 3, "percent_covered": 0.0, "percent_covered_display": "0", "missing_lines": 3, "excluded_lines": 0, "num_branches": 0, "num_partial_branches": 0, "covered_branches": 0, "missing_branches": 0}, "missing_lines": [37, 38, 39], "excluded_lines": [], "executed_branches": [], "missing_branches": []}, "TestUIComponentAccessibility.test_components_directory_structure": {"executed_lines": [], "summary": {"covered_lines": 0, "num_statements": 11, "percent_covered": 0.0, "percent_covered_display": "0", "missing_lines": 11, "excluded_lines": 0, "num_branches": 6, "num_partial_branches": 0, "covered_branches": 0, "missing_branches": 6}, "missing_lines": [43, 44, 47, 48, 51, 61, 62, 63, 64, 65, 67], "excluded_lines": [], "executed_branches": [], "missing_branches": [[43, 44], [43, 47], [62, 63], [62, 67], [64, 62], [64, 65]]}, "TestUIComponentAccessibility.test_component_files_readable": {"executed_lines": [], "summary": {"covered_lines": 0, "num_statements": 12, "percent_covered": 0.0, "percent_covered_display": "0", "missing_lines": 12, "excluded_lines": 0, "num_branches": 4, "num_partial_branches": 0, "covered_branches": 0, "missing_branches": 4}, "missing_lines": [71, 72, 74, 77, 78, 79, 82, 83, 84, 85, 86, 87], "excluded_lines": [], "executed_branches": [], "missing_branches": [[71, 72], [71, 74], [77, -69], [77, 78]]}, "TestUIComponentImportability.setup_method": {"executed_lines": [], "summary": {"covered_lines": 0, "num_statements": 7, "percent_covered": 0.0, "percent_covered_display": "0", "missing_lines": 7, "excluded_lines": 0, "num_branches": 4, "num_partial_branches": 0, "covered_branches": 0, "missing_branches": 4}, "missing_lines": [95, 96, 98, 99, 101, 102, 103], "excluded_lines": [], "executed_branches": [], "missing_branches": [[98, 99], [98, 101], [102, -93], [102, 103]]}, "TestUIComponentImportability.test_redis_monitor_importability": {"executed_lines": [], "summary": {"covered_lines": 0, "num_statements": 14, "percent_covered": 0.0, "percent_covered_display": "0", "missing_lines": 14, "excluded_lines": 0, "num_branches": 2, "num_partial_branches": 0, "covered_branches": 0, "missing_branches": 2}, "missing_lines": [107, 109, 110, 112, 113, 114, 117, 124, 127, 128, 130, 131, 132, 133], "excluded_lines": [], "executed_branches": [], "missing_branches": [[109, 110], [109, 112]]}, "TestUIComponentImportability.test_kafka_viewer_importability": {"executed_lines": [], "summary": {"covered_lines": 0, "num_statements": 14, "percent_covered": 0.0, "percent_covered_display": "0", "missing_lines": 14, "excluded_lines": 0, "num_branches": 2, "num_partial_branches": 0, "covered_branches": 0, "missing_branches": 2}, "missing_lines": [137, 139, 140, 142, 143, 144, 147, 154, 156, 157, 159, 160, 161, 162], "excluded_lines": [], "executed_branches": [], "missing_branches": [[139, 140], [139, 142]]}, "TestUIComponentImportability.test_clickhouse_viewer_importability": {"executed_lines": [], "summary": {"covered_lines": 0, "num_statements": 14, "percent_covered": 0.0, "percent_covered_display": "0", "missing_lines": 14, "excluded_lines": 0, "num_branches": 2, "num_partial_branches": 0, "covered_branches": 0, "missing_branches": 2}, "missing_lines": [166, 168, 169, 171, 172, 173, 176, 183, 185, 186, 188, 189, 190, 191], "excluded_lines": [], "executed_branches": [], "missing_branches": [[168, 169], [168, 171]]}, "TestUIComponentImportability.test_candlestick_chart_importability": {"executed_lines": [], "summary": {"covered_lines": 0, "num_statements": 14, "percent_covered": 0.0, "percent_covered_display": "0", "missing_lines": 14, "excluded_lines": 0, "num_branches": 2, "num_partial_branches": 0, "covered_branches": 0, "missing_branches": 2}, "missing_lines": [195, 197, 198, 200, 201, 202, 205, 211, 213, 214, 216, 217, 218, 219], "excluded_lines": [], "executed_branches": [], "missing_branches": [[197, 198], [197, 200]]}, "TestUIComponentFunctionality.setup_method": {"executed_lines": [], "summary": {"covered_lines": 0, "num_statements": 4, "percent_covered": 0.0, "percent_covered_display": "0", "missing_lines": 4, "excluded_lines": 0, "num_branches": 2, "num_partial_branches": 0, "covered_branches": 0, "missing_branches": 2}, "missing_lines": [227, 228, 230, 231], "excluded_lines": [], "executed_branches": [], "missing_branches": [[230, -225], [230, 231]]}, "TestUIComponentFunctionality.test_component_function_interfaces": {"executed_lines": [], "summary": {"covered_lines": 0, "num_statements": 19, "percent_covered": 0.0, "percent_covered_display": "0", "missing_lines": 19, "excluded_lines": 0, "num_branches": 6, "num_partial_branches": 0, "covered_branches": 0, "missing_branches": 6}, "missing_lines": [235, 236, 238, 241, 242, 243, 245, 246, 247, 250, 260, 263, 266, 270, 272, 273, 274, 276, 277], "excluded_lines": [], "executed_branches": [], "missing_branches": [[235, 236], [235, 238], [241, -233], [241, 242], [276, 241], [276, 277]]}, "TestUIComponentFunctionality.test_component_syntax_validation": {"executed_lines": [], "summary": {"covered_lines": 0, "num_statements": 13, "percent_covered": 0.0, "percent_covered_display": "0", "missing_lines": 13, "excluded_lines": 0, "num_branches": 4, "num_partial_branches": 0, "covered_branches": 0, "missing_branches": 4}, "missing_lines": [281, 282, 284, 287, 288, 290, 291, 292, 293, 294, 295, 296, 297], "excluded_lines": [], "executed_branches": [], "missing_branches": [[281, 282], [281, 284], [287, -279], [287, 288]]}, "TestUIComponentDependencies.test_streamlit_availability": {"executed_lines": [], "summary": {"covered_lines": 0, "num_statements": 8, "percent_covered": 0.0, "percent_covered_display": "0", "missing_lines": 8, "excluded_lines": 0, "num_branches": 0, "num_partial_branches": 0, "covered_branches": 0, "missing_branches": 0}, "missing_lines": [305, 306, 309, 310, 311, 312, 314, 315], "excluded_lines": [], "executed_branches": [], "missing_branches": []}, "TestUIComponentDependencies.test_plotting_dependencies": {"executed_lines": [], "summary": {"covered_lines": 0, "num_statements": 8, "percent_covered": 0.0, "percent_covered_display": "0", "missing_lines": 8, "excluded_lines": 0, "num_branches": 0, "num_partial_branches": 0, "covered_branches": 0, "missing_branches": 0}, "missing_lines": [319, 320, 321, 323, 324, 325, 327, 328], "excluded_lines": [], "executed_branches": [], "missing_branches": []}, "TestUIComponentDependencies.test_data_handling_dependencies": {"executed_lines": [], "summary": {"covered_lines": 0, "num_statements": 8, "percent_covered": 0.0, "percent_covered_display": "0", "missing_lines": 8, "excluded_lines": 0, "num_branches": 0, "num_partial_branches": 0, "covered_branches": 0, "missing_branches": 0}, "missing_lines": [332, 333, 334, 336, 337, 338, 340, 341], "excluded_lines": [], "executed_branches": [], "missing_branches": []}, "TestUIComponentPathResolution.setup_method": {"executed_lines": [], "summary": {"covered_lines": 0, "num_statements": 2, "percent_covered": 0.0, "percent_covered_display": "0", "missing_lines": 2, "excluded_lines": 0, "num_branches": 0, "num_partial_branches": 0, "covered_branches": 0, "missing_branches": 0}, "missing_lines": [349, 350], "excluded_lines": [], "executed_branches": [], "missing_branches": []}, "TestUIComponentPathResolution.test_component_relative_paths": {"executed_lines": [], "summary": {"covered_lines": 0, "num_statements": 9, "percent_covered": 0.0, "percent_covered_display": "0", "missing_lines": 9, "excluded_lines": 0, "num_branches": 4, "num_partial_branches": 0, "covered_branches": 0, "missing_branches": 4}, "missing_lines": [354, 355, 358, 359, 362, 363, 366, 367, 368], "excluded_lines": [], "executed_branches": [], "missing_branches": [[354, 355], [354, 358], [367, -352], [367, 368]]}, "TestUIComponentPathResolution.test_component_config_access": {"executed_lines": [], "summary": {"covered_lines": 0, "num_statements": 12, "percent_covered": 0.0, "percent_covered_display": "0", "missing_lines": 12, "excluded_lines": 0, "num_branches": 8, "num_partial_branches": 0, "covered_branches": 0, "missing_branches": 8}, "missing_lines": [372, 373, 375, 376, 379, 382, 384, 385, 386, 387, 388, 390], "excluded_lines": [], "executed_branches": [], "missing_branches": [[375, -370], [375, 376], [382, -370], [382, 384], [385, 386], [385, 390], [387, 385], [387, 388]]}, "TestUIComponentIntegration.setup_method": {"executed_lines": [], "summary": {"covered_lines": 0, "num_statements": 4, "percent_covered": 0.0, "percent_covered_display": "0", "missing_lines": 4, "excluded_lines": 0, "num_branches": 2, "num_partial_branches": 0, "covered_branches": 0, "missing_branches": 2}, "missing_lines": [398, 399, 401, 402], "excluded_lines": [], "executed_branches": [], "missing_branches": [[401, -396], [401, 402]]}, "TestUIComponentIntegration.test_component_streamlit_integration": {"executed_lines": [], "summary": {"covered_lines": 0, "num_statements": 18, "percent_covered": 0.0, "percent_covered_display": "0", "missing_lines": 18, "excluded_lines": 0, "num_branches": 10, "num_partial_branches": 0, "covered_branches": 0, "missing_branches": 10}, "missing_lines": [407, 408, 411, 413, 415, 417, 420, 421, 423, 424, 426, 427, 430, 435, 437, 439, 441, 442], "excluded_lines": [], "executed_branches": [], "missing_branches": [[407, 408], [407, 411], [413, -404], [413, 415], [420, -404], [420, 421], [426, 420], [426, 427], [441, 420], [441, 442]]}, "test_all_components_accessible": {"executed_lines": [], "summary": {"covered_lines": 0, "num_statements": 26, "percent_covered": 0.0, "percent_covered_display": "0", "missing_lines": 26, "excluded_lines": 0, "num_branches": 8, "num_partial_branches": 0, "covered_branches": 0, "missing_branches": 8}, "missing_lines": [447, 448, 450, 451, 453, 454, 456, 459, 461, 463, 464, 465, 467, 469, 472, 473, 474, 477, 478, 481, 488, 490, 492, 494, 495, 497], "excluded_lines": [], "executed_branches": [], "missing_branches": [[450, 451], [450, 453], [453, 454], [453, 456], [463, 464], [463, 497], [494, 463], [494, 495]]}, "": {"executed_lines": [2, 9, 10, 11, 12, 13, 14, 15, 16, 19, 20, 22, 35, 41, 69, 90, 91, 93, 105, 135, 164, 193, 222, 223, 225, 233, 279, 300, 301, 303, 317, 330, 344, 345, 347, 352, 370, 393, 394, 396, 404, 445, 500], "summary": {"covered_lines": 36, "num_statements": 38, "percent_covered": 92.5, "percent_covered_display": "92", "missing_lines": 2, "excluded_lines": 0, "num_branches": 2, "num_partial_branches": 1, "covered_branches": 1, "missing_branches": 1}, "missing_lines": [501, 502], "excluded_lines": [], "executed_branches": [[500, -2]], "missing_branches": [[500, 501]]}}, "classes": {"TestUIComponentAccessibility": {"executed_lines": [], "summary": {"covered_lines": 0, "num_statements": 33, "percent_covered": 0.0, "percent_covered_display": "0", "missing_lines": 33, "excluded_lines": 0, "num_branches": 14, "num_partial_branches": 0, "covered_branches": 0, "missing_branches": 14}, "missing_lines": [24, 25, 27, 28, 31, 32, 33, 37, 38, 39, 43, 44, 47, 48, 51, 61, 62, 63, 64, 65, 67, 71, 72, 74, 77, 78, 79, 82, 83, 84, 85, 86, 87], "excluded_lines": [], "executed_branches": [], "missing_branches": [[27, 28], [27, 31], [32, -22], [32, 33], [43, 44], [43, 47], [62, 63], [62, 67], [64, 62], [64, 65], [71, 72], [71, 74], [77, -69], [77, 78]]}, "TestUIComponentImportability": {"executed_lines": [], "summary": {"covered_lines": 0, "num_statements": 63, "percent_covered": 0.0, "percent_covered_display": "0", "missing_lines": 63, "excluded_lines": 0, "num_branches": 12, "num_partial_branches": 0, "covered_branches": 0, "missing_branches": 12}, "missing_lines": [95, 96, 98, 99, 101, 102, 103, 107, 109, 110, 112, 113, 114, 117, 124, 127, 128, 130, 131, 132, 133, 137, 139, 140, 142, 143, 144, 147, 154, 156, 157, 159, 160, 161, 162, 166, 168, 169, 171, 172, 173, 176, 183, 185, 186, 188, 189, 190, 191, 195, 197, 198, 200, 201, 202, 205, 211, 213, 214, 216, 217, 218, 219], "excluded_lines": [], "executed_branches": [], "missing_branches": [[98, 99], [98, 101], [102, -93], [102, 103], [109, 110], [109, 112], [139, 140], [139, 142], [168, 169], [168, 171], [197, 198], [197, 200]]}, "TestUIComponentFunctionality": {"executed_lines": [], "summary": {"covered_lines": 0, "num_statements": 36, "percent_covered": 0.0, "percent_covered_display": "0", "missing_lines": 36, "excluded_lines": 0, "num_branches": 12, "num_partial_branches": 0, "covered_branches": 0, "missing_branches": 12}, "missing_lines": [227, 228, 230, 231, 235, 236, 238, 241, 242, 243, 245, 246, 247, 250, 260, 263, 266, 270, 272, 273, 274, 276, 277, 281, 282, 284, 287, 288, 290, 291, 292, 293, 294, 295, 296, 297], "excluded_lines": [], "executed_branches": [], "missing_branches": [[230, -225], [230, 231], [235, 236], [235, 238], [241, -233], [241, 242], [276, 241], [276, 277], [281, 282], [281, 284], [287, -279], [287, 288]]}, "TestUIComponentDependencies": {"executed_lines": [], "summary": {"covered_lines": 0, "num_statements": 24, "percent_covered": 0.0, "percent_covered_display": "0", "missing_lines": 24, "excluded_lines": 0, "num_branches": 0, "num_partial_branches": 0, "covered_branches": 0, "missing_branches": 0}, "missing_lines": [305, 306, 309, 310, 311, 312, 314, 315, 319, 320, 321, 323, 324, 325, 327, 328, 332, 333, 334, 336, 337, 338, 340, 341], "excluded_lines": [], "executed_branches": [], "missing_branches": []}, "TestUIComponentPathResolution": {"executed_lines": [], "summary": {"covered_lines": 0, "num_statements": 23, "percent_covered": 0.0, "percent_covered_display": "0", "missing_lines": 23, "excluded_lines": 0, "num_branches": 12, "num_partial_branches": 0, "covered_branches": 0, "missing_branches": 12}, "missing_lines": [349, 350, 354, 355, 358, 359, 362, 363, 366, 367, 368, 372, 373, 375, 376, 379, 382, 384, 385, 386, 387, 388, 390], "excluded_lines": [], "executed_branches": [], "missing_branches": [[354, 355], [354, 358], [367, -352], [367, 368], [375, -370], [375, 376], [382, -370], [382, 384], [385, 386], [385, 390], [387, 385], [387, 388]]}, "TestUIComponentIntegration": {"executed_lines": [], "summary": {"covered_lines": 0, "num_statements": 22, "percent_covered": 0.0, "percent_covered_display": "0", "missing_lines": 22, "excluded_lines": 0, "num_branches": 12, "num_partial_branches": 0, "covered_branches": 0, "missing_branches": 12}, "missing_lines": [398, 399, 401, 402, 407, 408, 411, 413, 415, 417, 420, 421, 423, 424, 426, 427, 430, 435, 437, 439, 441, 442], "excluded_lines": [], "executed_branches": [], "missing_branches": [[401, -396], [401, 402], [407, 408], [407, 411], [413, -404], [413, 415], [420, -404], [420, 421], [426, 420], [426, 427], [441, 420], [441, 442]]}, "": {"executed_lines": [2, 9, 10, 11, 12, 13, 14, 15, 16, 19, 20, 22, 35, 41, 69, 90, 91, 93, 105, 135, 164, 193, 222, 223, 225, 233, 279, 300, 301, 303, 317, 330, 344, 345, 347, 352, 370, 393, 394, 396, 404, 445, 500], "summary": {"covered_lines": 36, "num_statements": 64, "percent_covered": 50.0, "percent_covered_display": "50", "missing_lines": 28, "excluded_lines": 0, "num_branches": 10, "num_partial_branches": 1, "covered_branches": 1, "missing_branches": 9}, "missing_lines": [447, 448, 450, 451, 453, 454, 456, 459, 461, 463, 464, 465, 467, 469, 472, 473, 474, 477, 478, 481, 488, 490, 492, 494, 495, 497, 501, 502], "excluded_lines": [], "executed_branches": [[500, -2]], "missing_branches": [[450, 451], [450, 453], [453, 454], [453, 456], [463, 464], [463, 497], [494, 463], [494, 495], [500, 501]]}}}, "\ud83c\udfe0_Home.py": {"executed_lines": [], "summary": {"covered_lines": 0, "num_statements": 58, "percent_covered": 0.0, "percent_covered_display": "0", "missing_lines": 58, "excluded_lines": 0, "num_branches": 10, "num_partial_branches": 0, "covered_branches": 0, "missing_branches": 10}, "missing_lines": [7, 8, 9, 10, 13, 21, 26, 30, 31, 36, 38, 40, 41, 57, 58, 73, 74, 76, 92, 93, 95, 97, 98, 109, 110, 112, 113, 124, 125, 127, 128, 139, 140, 142, 143, 154, 155, 158, 159, 161, 163, 164, 180, 181, 199, 200, 202, 204, 205, 215, 216, 227, 228, 230, 245, 246, 256, 257], "excluded_lines": [], "executed_branches": [], "missing_branches": [[109, 110], [109, 112], [124, 125], [124, 127], [139, 140], [139, 142], [154, 155], [154, 158], [256, -2], [256, 257]], "functions": {"main": {"executed_lines": [], "summary": {"covered_lines": 0, "num_statements": 49, "percent_covered": 0.0, "percent_covered_display": "0", "missing_lines": 49, "excluded_lines": 0, "num_branches": 8, "num_partial_branches": 0, "covered_branches": 0, "missing_branches": 8}, "missing_lines": [30, 31, 36, 38, 40, 41, 57, 58, 73, 74, 76, 92, 93, 95, 97, 98, 109, 110, 112, 113, 124, 125, 127, 128, 139, 140, 142, 143, 154, 155, 158, 159, 161, 163, 164, 180, 181, 199, 200, 202, 204, 205, 215, 216, 227, 228, 230, 245, 246], "excluded_lines": [], "executed_branches": [], "missing_branches": [[109, 110], [109, 112], [124, 125], [124, 127], [139, 140], [139, 142], [154, 155], [154, 158]]}, "": {"executed_lines": [], "summary": {"covered_lines": 0, "num_statements": 9, "percent_covered": 0.0, "percent_covered_display": "0", "missing_lines": 9, "excluded_lines": 0, "num_branches": 2, "num_partial_branches": 0, "covered_branches": 0, "missing_branches": 2}, "missing_lines": [7, 8, 9, 10, 13, 21, 26, 256, 257], "excluded_lines": [], "executed_branches": [], "missing_branches": [[256, -2], [256, 257]]}}, "classes": {"": {"executed_lines": [], "summary": {"covered_lines": 0, "num_statements": 58, "percent_covered": 0.0, "percent_covered_display": "0", "missing_lines": 58, "excluded_lines": 0, "num_branches": 10, "num_partial_branches": 0, "covered_branches": 0, "missing_branches": 10}, "missing_lines": [7, 8, 9, 10, 13, 21, 26, 30, 31, 36, 38, 40, 41, 57, 58, 73, 74, 76, 92, 93, 95, 97, 98, 109, 110, 112, 113, 124, 125, 127, 128, 139, 140, 142, 143, 154, 155, 158, 159, 161, 163, 164, 180, 181, 199, 200, 202, 204, 205, 215, 216, 227, 228, 230, 245, 246, 256, 257], "excluded_lines": [], "executed_branches": [], "missing_branches": [[109, 110], [109, 112], [124, 125], [124, 127], [139, 140], [139, 142], [154, 155], [154, 158], [256, -2], [256, 257]]}}}}, "totals": {"covered_lines": 208, "num_statements": 3888, "percent_covered": 4.75453339230429, "percent_covered_display": "5", "missing_lines": 3680, "excluded_lines": 0, "num_branches": 634, "num_partial_branches": 5, "covered_branches": 7, "missing_branches": 627}}